The system is: Linux - 4.9.16-gentoo - x86_64
Compiling the C compiler identification source file "CMakeCCompilerId.c" succeeded.
Compiler: /usr/bin/x86_64-pc-linux-gnu-gcc 
Build flags: -march=native;-O2;-pipe
Id flags: 

The output was:
0


Compilation of the C compiler identification source "CMakeCCompilerId.c" produced "a.out"

The C compiler identification is GNU, found in "/var/tmp/portage/dev-util/cmake-3.7.2/work/cmake-3.7.2_build/CMakeFiles/3.7.2/CompilerIdC/a.out"

Compiling the CXX compiler identification source file "CMakeCXXCompilerId.cpp" succeeded.
Compiler: /usr/bin/x86_64-pc-linux-gnu-g++ 
Build flags: -march=native;-O2;-pipe
Id flags: 

The output was:
0


Compilation of the CXX compiler identification source "CMakeCXXCompilerId.cpp" produced "a.out"

The CXX compiler identification is GNU, found in "/var/tmp/portage/dev-util/cmake-3.7.2/work/cmake-3.7.2_build/CMakeFiles/3.7.2/CompilerIdCXX/a.out"

Determining if the C compiler works passed with the following output:
Change Dir: /var/tmp/portage/dev-util/cmake-3.7.2/work/cmake-3.7.2_build/CMakeFiles/CMakeTmp

Run Build Command:"/usr/bin/gmake" "cmTC_4cc3c/fast"
/usr/bin/gmake -f CMakeFiles/cmTC_4cc3c.dir/build.make CMakeFiles/cmTC_4cc3c.dir/build
gmake[1]: Entering directory '/var/tmp/portage/dev-util/cmake-3.7.2/work/cmake-3.7.2_build/CMakeFiles/CMakeTmp'
Building C object CMakeFiles/cmTC_4cc3c.dir/testCCompiler.c.o
/usr/bin/x86_64-pc-linux-gnu-gcc     -DNDEBUG -march=native -O2 -pipe    -o CMakeFiles/cmTC_4cc3c.dir/testCCompiler.c.o -c /var/tmp/portage/dev-util/cmake-3.7.2/work/cmake-3.7.2_build/CMakeFiles/CMakeTmp/testCCompiler.c
Linking C executable cmTC_4cc3c
/usr/bin/cmake -E cmake_link_script CMakeFiles/cmTC_4cc3c.dir/link.txt --verbose=1
/usr/bin/x86_64-pc-linux-gnu-gcc  -march=native -O2 -pipe   -Wl,-O1 -Wl,--as-needed  CMakeFiles/cmTC_4cc3c.dir/testCCompiler.c.o  -o cmTC_4cc3c -rdynamic 
gmake[1]: Leaving directory '/var/tmp/portage/dev-util/cmake-3.7.2/work/cmake-3.7.2_build/CMakeFiles/CMakeTmp'


Detecting C compiler ABI info compiled with the following output:
Change Dir: /var/tmp/portage/dev-util/cmake-3.7.2/work/cmake-3.7.2_build/CMakeFiles/CMakeTmp

Run Build Command:"/usr/bin/gmake" "cmTC_8848b/fast"
/usr/bin/gmake -f CMakeFiles/cmTC_8848b.dir/build.make CMakeFiles/cmTC_8848b.dir/build
gmake[1]: Entering directory '/var/tmp/portage/dev-util/cmake-3.7.2/work/cmake-3.7.2_build/CMakeFiles/CMakeTmp'
Building C object CMakeFiles/cmTC_8848b.dir/CMakeCCompilerABI.c.o
/usr/bin/x86_64-pc-linux-gnu-gcc     -DNDEBUG -march=native -O2 -pipe    -o CMakeFiles/cmTC_8848b.dir/CMakeCCompilerABI.c.o -c /usr/share/cmake/Modules/CMakeCCompilerABI.c
Linking C executable cmTC_8848b
/usr/bin/cmake -E cmake_link_script CMakeFiles/cmTC_8848b.dir/link.txt --verbose=1
/usr/bin/x86_64-pc-linux-gnu-gcc  -march=native -O2 -pipe   -Wl,-O1 -Wl,--as-needed -v CMakeFiles/cmTC_8848b.dir/CMakeCCompilerABI.c.o  -o cmTC_8848b -rdynamic  
Using built-in specs.
COLLECT_GCC=/usr/x86_64-pc-linux-gnu/gcc-bin/5.4.0/x86_64-pc-linux-gnu-gcc
COLLECT_LTO_WRAPPER=/usr/libexec/gcc/x86_64-pc-linux-gnu/5.4.0/lto-wrapper
Target: x86_64-pc-linux-gnu
Configured with: /var/tmp/portage/sys-devel/gcc-5.4.0-r3/work/gcc-5.4.0/configure --host=x86_64-pc-linux-gnu --build=x86_64-pc-linux-gnu --prefix=/usr --bindir=/usr/x86_64-pc-linux-gnu/gcc-bin/5.4.0 --includedir=/usr/lib/gcc/x86_64-pc-linux-gnu/5.4.0/include --datadir=/usr/share/gcc-data/x86_64-pc-linux-gnu/5.4.0 --mandir=/usr/share/gcc-data/x86_64-pc-linux-gnu/5.4.0/man --infodir=/usr/share/gcc-data/x86_64-pc-linux-gnu/5.4.0/info --with-gxx-include-dir=/usr/lib/gcc/x86_64-pc-linux-gnu/5.4.0/include/g++-v5 --with-python-dir=/share/gcc-data/x86_64-pc-linux-gnu/5.4.0/python --enable-languages=c,c++,fortran --enable-obsolete --enable-secureplt --disable-werror --with-system-zlib --enable-nls --without-included-gettext --enable-checking=release --with-bugurl=https://bugs.gentoo.org/ --with-pkgversion='Gentoo 5.4.0-r3 p1.3, pie-0.6.5' --enable-libstdcxx-time --enable-shared --enable-threads=posix --enable-__cxa_atexit --enable-clocale=gnu --enable-multilib --with-multilib-list=m32,m64 --disable-altivec --disable-fixed-point --enable-targets=all --disable-libgcj --enable-libgomp --disable-libmudflap --disable-libssp --disable-libcilkrts --disable-libmpx --enable-vtable-verify --enable-libvtv --enable-lto --without-isl --enable-libsanitizer
Thread model: posix
gcc version 5.4.0 (Gentoo 5.4.0-r3 p1.3, pie-0.6.5) 
COMPILER_PATH=/usr/libexec/gcc/x86_64-pc-linux-gnu/5.4.0/:/usr/libexec/gcc/x86_64-pc-linux-gnu/5.4.0/:/usr/libexec/gcc/x86_64-pc-linux-gnu/:/usr/lib/gcc/x86_64-pc-linux-gnu/5.4.0/:/usr/lib/gcc/x86_64-pc-linux-gnu/:/usr/lib/gcc/x86_64-pc-linux-gnu/5.4.0/../../../../x86_64-pc-linux-gnu/bin/
LIBRARY_PATH=/usr/lib/gcc/x86_64-pc-linux-gnu/5.4.0/:/usr/lib/gcc/x86_64-pc-linux-gnu/5.4.0/../../../../lib64/:/lib/../lib64/:/usr/lib/../lib64/:/usr/lib/gcc/x86_64-pc-linux-gnu/5.4.0/../../../../x86_64-pc-linux-gnu/lib/:/usr/lib/gcc/x86_64-pc-linux-gnu/5.4.0/../../../:/lib/:/usr/lib/
COLLECT_GCC_OPTIONS='-march=native' '-O2' '-pipe' '-v' '-o' 'cmTC_8848b' '-rdynamic'
 /usr/libexec/gcc/x86_64-pc-linux-gnu/5.4.0/collect2 -plugin /usr/libexec/gcc/x86_64-pc-linux-gnu/5.4.0/liblto_plugin.so -plugin-opt=/usr/libexec/gcc/x86_64-pc-linux-gnu/5.4.0/lto-wrapper -plugin-opt=-fresolution=/var/tmp/portage/dev-util/cmake-3.7.2/temp/ccJnzvvb.res -plugin-opt=-pass-through=-lgcc -plugin-opt=-pass-through=-lgcc_s -plugin-opt=-pass-through=-lc -plugin-opt=-pass-through=-lgcc -plugin-opt=-pass-through=-lgcc_s --eh-frame-hdr -m elf_x86_64 -export-dynamic -dynamic-linker /lib64/ld-linux-x86-64.so.2 -o cmTC_8848b /usr/lib/gcc/x86_64-pc-linux-gnu/5.4.0/../../../../lib64/crt1.o /usr/lib/gcc/x86_64-pc-linux-gnu/5.4.0/../../../../lib64/crti.o /usr/lib/gcc/x86_64-pc-linux-gnu/5.4.0/crtbegin.o -L/usr/lib/gcc/x86_64-pc-linux-gnu/5.4.0 -L/usr/lib/gcc/x86_64-pc-linux-gnu/5.4.0/../../../../lib64 -L/lib/../lib64 -L/usr/lib/../lib64 -L/usr/lib/gcc/x86_64-pc-linux-gnu/5.4.0/../../../../x86_64-pc-linux-gnu/lib -L/usr/lib/gcc/x86_64-pc-linux-gnu/5.4.0/../../.. -O1 --as-needed CMakeFiles/cmTC_8848b.dir/CMakeCCompilerABI.c.o -lgcc --as-needed -lgcc_s --no-as-needed -lc -lgcc --as-needed -lgcc_s --no-as-needed /usr/lib/gcc/x86_64-pc-linux-gnu/5.4.0/crtend.o /usr/lib/gcc/x86_64-pc-linux-gnu/5.4.0/../../../../lib64/crtn.o
gmake[1]: Leaving directory '/var/tmp/portage/dev-util/cmake-3.7.2/work/cmake-3.7.2_build/CMakeFiles/CMakeTmp'


Parsed C implicit link information from above output:
  link line regex: [^( *|.*[/\])(ld|([^/\]+-)?ld|collect2)[^/\]*( |$)]
  ignore line: [Change Dir: /var/tmp/portage/dev-util/cmake-3.7.2/work/cmake-3.7.2_build/CMakeFiles/CMakeTmp]
  ignore line: []
  ignore line: [Run Build Command:"/usr/bin/gmake" "cmTC_8848b/fast"]
  ignore line: [/usr/bin/gmake -f CMakeFiles/cmTC_8848b.dir/build.make CMakeFiles/cmTC_8848b.dir/build]
  ignore line: [gmake[1]: Entering directory '/var/tmp/portage/dev-util/cmake-3.7.2/work/cmake-3.7.2_build/CMakeFiles/CMakeTmp']
  ignore line: [Building C object CMakeFiles/cmTC_8848b.dir/CMakeCCompilerABI.c.o]
  ignore line: [/usr/bin/x86_64-pc-linux-gnu-gcc     -DNDEBUG -march=native -O2 -pipe    -o CMakeFiles/cmTC_8848b.dir/CMakeCCompilerABI.c.o -c /usr/share/cmake/Modules/CMakeCCompilerABI.c]
  ignore line: [Linking C executable cmTC_8848b]
  ignore line: [/usr/bin/cmake -E cmake_link_script CMakeFiles/cmTC_8848b.dir/link.txt --verbose=1]
  ignore line: [/usr/bin/x86_64-pc-linux-gnu-gcc  -march=native -O2 -pipe   -Wl,-O1 -Wl,--as-needed -v CMakeFiles/cmTC_8848b.dir/CMakeCCompilerABI.c.o  -o cmTC_8848b -rdynamic  ]
  ignore line: [Using built-in specs.]
  ignore line: [COLLECT_GCC=/usr/x86_64-pc-linux-gnu/gcc-bin/5.4.0/x86_64-pc-linux-gnu-gcc]
  ignore line: [COLLECT_LTO_WRAPPER=/usr/libexec/gcc/x86_64-pc-linux-gnu/5.4.0/lto-wrapper]
  ignore line: [Target: x86_64-pc-linux-gnu]
  ignore line: [Configured with: /var/tmp/portage/sys-devel/gcc-5.4.0-r3/work/gcc-5.4.0/configure --host=x86_64-pc-linux-gnu --build=x86_64-pc-linux-gnu --prefix=/usr --bindir=/usr/x86_64-pc-linux-gnu/gcc-bin/5.4.0 --includedir=/usr/lib/gcc/x86_64-pc-linux-gnu/5.4.0/include --datadir=/usr/share/gcc-data/x86_64-pc-linux-gnu/5.4.0 --mandir=/usr/share/gcc-data/x86_64-pc-linux-gnu/5.4.0/man --infodir=/usr/share/gcc-data/x86_64-pc-linux-gnu/5.4.0/info --with-gxx-include-dir=/usr/lib/gcc/x86_64-pc-linux-gnu/5.4.0/include/g++-v5 --with-python-dir=/share/gcc-data/x86_64-pc-linux-gnu/5.4.0/python --enable-languages=c,c++,fortran --enable-obsolete --enable-secureplt --disable-werror --with-system-zlib --enable-nls --without-included-gettext --enable-checking=release --with-bugurl=https://bugs.gentoo.org/ --with-pkgversion='Gentoo 5.4.0-r3 p1.3, pie-0.6.5' --enable-libstdcxx-time --enable-shared --enable-threads=posix --enable-__cxa_atexit --enable-clocale=gnu --enable-multilib --with-multilib-list=m32,m64 --disable-altivec --disable-fixed-point --enable-targets=all --disable-libgcj --enable-libgomp --disable-libmudflap --disable-libssp --disable-libcilkrts --disable-libmpx --enable-vtable-verify --enable-libvtv --enable-lto --without-isl --enable-libsanitizer]
  ignore line: [Thread model: posix]
  ignore line: [gcc version 5.4.0 (Gentoo 5.4.0-r3 p1.3, pie-0.6.5) ]
  ignore line: [COMPILER_PATH=/usr/libexec/gcc/x86_64-pc-linux-gnu/5.4.0/:/usr/libexec/gcc/x86_64-pc-linux-gnu/5.4.0/:/usr/libexec/gcc/x86_64-pc-linux-gnu/:/usr/lib/gcc/x86_64-pc-linux-gnu/5.4.0/:/usr/lib/gcc/x86_64-pc-linux-gnu/:/usr/lib/gcc/x86_64-pc-linux-gnu/5.4.0/../../../../x86_64-pc-linux-gnu/bin/]
  ignore line: [LIBRARY_PATH=/usr/lib/gcc/x86_64-pc-linux-gnu/5.4.0/:/usr/lib/gcc/x86_64-pc-linux-gnu/5.4.0/../../../../lib64/:/lib/../lib64/:/usr/lib/../lib64/:/usr/lib/gcc/x86_64-pc-linux-gnu/5.4.0/../../../../x86_64-pc-linux-gnu/lib/:/usr/lib/gcc/x86_64-pc-linux-gnu/5.4.0/../../../:/lib/:/usr/lib/]
  ignore line: [COLLECT_GCC_OPTIONS='-march=native' '-O2' '-pipe' '-v' '-o' 'cmTC_8848b' '-rdynamic']
  link line: [ /usr/libexec/gcc/x86_64-pc-linux-gnu/5.4.0/collect2 -plugin /usr/libexec/gcc/x86_64-pc-linux-gnu/5.4.0/liblto_plugin.so -plugin-opt=/usr/libexec/gcc/x86_64-pc-linux-gnu/5.4.0/lto-wrapper -plugin-opt=-fresolution=/var/tmp/portage/dev-util/cmake-3.7.2/temp/ccJnzvvb.res -plugin-opt=-pass-through=-lgcc -plugin-opt=-pass-through=-lgcc_s -plugin-opt=-pass-through=-lc -plugin-opt=-pass-through=-lgcc -plugin-opt=-pass-through=-lgcc_s --eh-frame-hdr -m elf_x86_64 -export-dynamic -dynamic-linker /lib64/ld-linux-x86-64.so.2 -o cmTC_8848b /usr/lib/gcc/x86_64-pc-linux-gnu/5.4.0/../../../../lib64/crt1.o /usr/lib/gcc/x86_64-pc-linux-gnu/5.4.0/../../../../lib64/crti.o /usr/lib/gcc/x86_64-pc-linux-gnu/5.4.0/crtbegin.o -L/usr/lib/gcc/x86_64-pc-linux-gnu/5.4.0 -L/usr/lib/gcc/x86_64-pc-linux-gnu/5.4.0/../../../../lib64 -L/lib/../lib64 -L/usr/lib/../lib64 -L/usr/lib/gcc/x86_64-pc-linux-gnu/5.4.0/../../../../x86_64-pc-linux-gnu/lib -L/usr/lib/gcc/x86_64-pc-linux-gnu/5.4.0/../../.. -O1 --as-needed CMakeFiles/cmTC_8848b.dir/CMakeCCompilerABI.c.o -lgcc --as-needed -lgcc_s --no-as-needed -lc -lgcc --as-needed -lgcc_s --no-as-needed /usr/lib/gcc/x86_64-pc-linux-gnu/5.4.0/crtend.o /usr/lib/gcc/x86_64-pc-linux-gnu/5.4.0/../../../../lib64/crtn.o]
    arg [/usr/libexec/gcc/x86_64-pc-linux-gnu/5.4.0/collect2] ==> ignore
    arg [-plugin] ==> ignore
    arg [/usr/libexec/gcc/x86_64-pc-linux-gnu/5.4.0/liblto_plugin.so] ==> ignore
    arg [-plugin-opt=/usr/libexec/gcc/x86_64-pc-linux-gnu/5.4.0/lto-wrapper] ==> ignore
    arg [-plugin-opt=-fresolution=/var/tmp/portage/dev-util/cmake-3.7.2/temp/ccJnzvvb.res] ==> ignore
    arg [-plugin-opt=-pass-through=-lgcc] ==> ignore
    arg [-plugin-opt=-pass-through=-lgcc_s] ==> ignore
    arg [-plugin-opt=-pass-through=-lc] ==> ignore
    arg [-plugin-opt=-pass-through=-lgcc] ==> ignore
    arg [-plugin-opt=-pass-through=-lgcc_s] ==> ignore
    arg [--eh-frame-hdr] ==> ignore
    arg [-m] ==> ignore
    arg [elf_x86_64] ==> ignore
    arg [-export-dynamic] ==> ignore
    arg [-dynamic-linker] ==> ignore
    arg [/lib64/ld-linux-x86-64.so.2] ==> ignore
    arg [-o] ==> ignore
    arg [cmTC_8848b] ==> ignore
    arg [/usr/lib/gcc/x86_64-pc-linux-gnu/5.4.0/../../../../lib64/crt1.o] ==> ignore
    arg [/usr/lib/gcc/x86_64-pc-linux-gnu/5.4.0/../../../../lib64/crti.o] ==> ignore
    arg [/usr/lib/gcc/x86_64-pc-linux-gnu/5.4.0/crtbegin.o] ==> ignore
    arg [-L/usr/lib/gcc/x86_64-pc-linux-gnu/5.4.0] ==> dir [/usr/lib/gcc/x86_64-pc-linux-gnu/5.4.0]
    arg [-L/usr/lib/gcc/x86_64-pc-linux-gnu/5.4.0/../../../../lib64] ==> dir [/usr/lib/gcc/x86_64-pc-linux-gnu/5.4.0/../../../../lib64]
    arg [-L/lib/../lib64] ==> dir [/lib/../lib64]
    arg [-L/usr/lib/../lib64] ==> dir [/usr/lib/../lib64]
    arg [-L/usr/lib/gcc/x86_64-pc-linux-gnu/5.4.0/../../../../x86_64-pc-linux-gnu/lib] ==> dir [/usr/lib/gcc/x86_64-pc-linux-gnu/5.4.0/../../../../x86_64-pc-linux-gnu/lib]
    arg [-L/usr/lib/gcc/x86_64-pc-linux-gnu/5.4.0/../../..] ==> dir [/usr/lib/gcc/x86_64-pc-linux-gnu/5.4.0/../../..]
    arg [-O1] ==> ignore
    arg [--as-needed] ==> ignore
    arg [CMakeFiles/cmTC_8848b.dir/CMakeCCompilerABI.c.o] ==> ignore
    arg [-lgcc] ==> lib [gcc]
    arg [--as-needed] ==> ignore
    arg [-lgcc_s] ==> lib [gcc_s]
    arg [--no-as-needed] ==> ignore
    arg [-lc] ==> lib [c]
    arg [-lgcc] ==> lib [gcc]
    arg [--as-needed] ==> ignore
    arg [-lgcc_s] ==> lib [gcc_s]
    arg [--no-as-needed] ==> ignore
    arg [/usr/lib/gcc/x86_64-pc-linux-gnu/5.4.0/crtend.o] ==> ignore
    arg [/usr/lib/gcc/x86_64-pc-linux-gnu/5.4.0/../../../../lib64/crtn.o] ==> ignore
  remove lib [gcc]
  remove lib [gcc_s]
  remove lib [gcc]
  remove lib [gcc_s]
  collapse library dir [/usr/lib/gcc/x86_64-pc-linux-gnu/5.4.0] ==> [/usr/lib/gcc/x86_64-pc-linux-gnu/5.4.0]
  collapse library dir [/usr/lib/gcc/x86_64-pc-linux-gnu/5.4.0/../../../../lib64] ==> [/usr/lib64]
  collapse library dir [/lib/../lib64] ==> [/lib64]
  collapse library dir [/usr/lib/../lib64] ==> [/usr/lib64]
  collapse library dir [/usr/lib/gcc/x86_64-pc-linux-gnu/5.4.0/../../../../x86_64-pc-linux-gnu/lib] ==> [/usr/x86_64-pc-linux-gnu/lib]
  collapse library dir [/usr/lib/gcc/x86_64-pc-linux-gnu/5.4.0/../../..] ==> [/usr/lib]
  implicit libs: [c]
  implicit dirs: [/usr/lib/gcc/x86_64-pc-linux-gnu/5.4.0;/usr/lib64;/lib64;/usr/x86_64-pc-linux-gnu/lib;/usr/lib]
  implicit fwks: []




Detecting C [-std=c11] compiler features compiled with the following output:
Change Dir: /var/tmp/portage/dev-util/cmake-3.7.2/work/cmake-3.7.2_build/CMakeFiles/CMakeTmp

Run Build Command:"/usr/bin/gmake" "cmTC_4857e/fast"
/usr/bin/gmake -f CMakeFiles/cmTC_4857e.dir/build.make CMakeFiles/cmTC_4857e.dir/build
gmake[1]: Entering directory '/var/tmp/portage/dev-util/cmake-3.7.2/work/cmake-3.7.2_build/CMakeFiles/CMakeTmp'
Building C object CMakeFiles/cmTC_4857e.dir/feature_tests.c.o
/usr/bin/x86_64-pc-linux-gnu-gcc     -DNDEBUG -march=native -O2 -pipe    -std=c11 -o CMakeFiles/cmTC_4857e.dir/feature_tests.c.o -c /var/tmp/portage/dev-util/cmake-3.7.2/work/cmake-3.7.2_build/CMakeFiles/feature_tests.c
Linking C executable cmTC_4857e
/usr/bin/cmake -E cmake_link_script CMakeFiles/cmTC_4857e.dir/link.txt --verbose=1
/usr/bin/x86_64-pc-linux-gnu-gcc  -march=native -O2 -pipe   -Wl,-O1 -Wl,--as-needed  CMakeFiles/cmTC_4857e.dir/feature_tests.c.o  -o cmTC_4857e -rdynamic 
gmake[1]: Leaving directory '/var/tmp/portage/dev-util/cmake-3.7.2/work/cmake-3.7.2_build/CMakeFiles/CMakeTmp'


    Feature record: C_FEATURE:1c_function_prototypes
    Feature record: C_FEATURE:1c_restrict
    Feature record: C_FEATURE:1c_static_assert
    Feature record: C_FEATURE:1c_variadic_macros


Detecting C [-std=c99] compiler features compiled with the following output:
Change Dir: /var/tmp/portage/dev-util/cmake-3.7.2/work/cmake-3.7.2_build/CMakeFiles/CMakeTmp

Run Build Command:"/usr/bin/gmake" "cmTC_1ebbd/fast"
/usr/bin/gmake -f CMakeFiles/cmTC_1ebbd.dir/build.make CMakeFiles/cmTC_1ebbd.dir/build
gmake[1]: Entering directory '/var/tmp/portage/dev-util/cmake-3.7.2/work/cmake-3.7.2_build/CMakeFiles/CMakeTmp'
Building C object CMakeFiles/cmTC_1ebbd.dir/feature_tests.c.o
/usr/bin/x86_64-pc-linux-gnu-gcc     -DNDEBUG -march=native -O2 -pipe    -std=c99 -o CMakeFiles/cmTC_1ebbd.dir/feature_tests.c.o -c /var/tmp/portage/dev-util/cmake-3.7.2/work/cmake-3.7.2_build/CMakeFiles/feature_tests.c
Linking C executable cmTC_1ebbd
/usr/bin/cmake -E cmake_link_script CMakeFiles/cmTC_1ebbd.dir/link.txt --verbose=1
/usr/bin/x86_64-pc-linux-gnu-gcc  -march=native -O2 -pipe   -Wl,-O1 -Wl,--as-needed  CMakeFiles/cmTC_1ebbd.dir/feature_tests.c.o  -o cmTC_1ebbd -rdynamic 
gmake[1]: Leaving directory '/var/tmp/portage/dev-util/cmake-3.7.2/work/cmake-3.7.2_build/CMakeFiles/CMakeTmp'


    Feature record: C_FEATURE:1c_function_prototypes
    Feature record: C_FEATURE:1c_restrict
    Feature record: C_FEATURE:0c_static_assert
    Feature record: C_FEATURE:1c_variadic_macros


Detecting C [-std=c90] compiler features compiled with the following output:
Change Dir: /var/tmp/portage/dev-util/cmake-3.7.2/work/cmake-3.7.2_build/CMakeFiles/CMakeTmp

Run Build Command:"/usr/bin/gmake" "cmTC_bc6b9/fast"
/usr/bin/gmake -f CMakeFiles/cmTC_bc6b9.dir/build.make CMakeFiles/cmTC_bc6b9.dir/build
gmake[1]: Entering directory '/var/tmp/portage/dev-util/cmake-3.7.2/work/cmake-3.7.2_build/CMakeFiles/CMakeTmp'
Building C object CMakeFiles/cmTC_bc6b9.dir/feature_tests.c.o
/usr/bin/x86_64-pc-linux-gnu-gcc     -DNDEBUG -march=native -O2 -pipe    -std=c90 -o CMakeFiles/cmTC_bc6b9.dir/feature_tests.c.o -c /var/tmp/portage/dev-util/cmake-3.7.2/work/cmake-3.7.2_build/CMakeFiles/feature_tests.c
Linking C executable cmTC_bc6b9
/usr/bin/cmake -E cmake_link_script CMakeFiles/cmTC_bc6b9.dir/link.txt --verbose=1
/usr/bin/x86_64-pc-linux-gnu-gcc  -march=native -O2 -pipe   -Wl,-O1 -Wl,--as-needed  CMakeFiles/cmTC_bc6b9.dir/feature_tests.c.o  -o cmTC_bc6b9 -rdynamic 
gmake[1]: Leaving directory '/var/tmp/portage/dev-util/cmake-3.7.2/work/cmake-3.7.2_build/CMakeFiles/CMakeTmp'


    Feature record: C_FEATURE:1c_function_prototypes
    Feature record: C_FEATURE:0c_restrict
    Feature record: C_FEATURE:0c_static_assert
    Feature record: C_FEATURE:0c_variadic_macros
Determining if the CXX compiler works passed with the following output:
Change Dir: /var/tmp/portage/dev-util/cmake-3.7.2/work/cmake-3.7.2_build/CMakeFiles/CMakeTmp

Run Build Command:"/usr/bin/gmake" "cmTC_67f7c/fast"
/usr/bin/gmake -f CMakeFiles/cmTC_67f7c.dir/build.make CMakeFiles/cmTC_67f7c.dir/build
gmake[1]: Entering directory '/var/tmp/portage/dev-util/cmake-3.7.2/work/cmake-3.7.2_build/CMakeFiles/CMakeTmp'
Building CXX object CMakeFiles/cmTC_67f7c.dir/testCXXCompiler.cxx.o
/usr/bin/x86_64-pc-linux-gnu-g++     -DNDEBUG -march=native -O2 -pipe    -o CMakeFiles/cmTC_67f7c.dir/testCXXCompiler.cxx.o -c /var/tmp/portage/dev-util/cmake-3.7.2/work/cmake-3.7.2_build/CMakeFiles/CMakeTmp/testCXXCompiler.cxx
Linking CXX executable cmTC_67f7c
/usr/bin/cmake -E cmake_link_script CMakeFiles/cmTC_67f7c.dir/link.txt --verbose=1
/usr/bin/x86_64-pc-linux-gnu-g++   -march=native -O2 -pipe   -Wl,-O1 -Wl,--as-needed  CMakeFiles/cmTC_67f7c.dir/testCXXCompiler.cxx.o  -o cmTC_67f7c -rdynamic 
gmake[1]: Leaving directory '/var/tmp/portage/dev-util/cmake-3.7.2/work/cmake-3.7.2_build/CMakeFiles/CMakeTmp'


Detecting CXX compiler ABI info compiled with the following output:
Change Dir: /var/tmp/portage/dev-util/cmake-3.7.2/work/cmake-3.7.2_build/CMakeFiles/CMakeTmp

Run Build Command:"/usr/bin/gmake" "cmTC_b3cea/fast"
/usr/bin/gmake -f CMakeFiles/cmTC_b3cea.dir/build.make CMakeFiles/cmTC_b3cea.dir/build
gmake[1]: Entering directory '/var/tmp/portage/dev-util/cmake-3.7.2/work/cmake-3.7.2_build/CMakeFiles/CMakeTmp'
Building CXX object CMakeFiles/cmTC_b3cea.dir/CMakeCXXCompilerABI.cpp.o
/usr/bin/x86_64-pc-linux-gnu-g++     -DNDEBUG -march=native -O2 -pipe    -o CMakeFiles/cmTC_b3cea.dir/CMakeCXXCompilerABI.cpp.o -c /usr/share/cmake/Modules/CMakeCXXCompilerABI.cpp
Linking CXX executable cmTC_b3cea
/usr/bin/cmake -E cmake_link_script CMakeFiles/cmTC_b3cea.dir/link.txt --verbose=1
/usr/bin/x86_64-pc-linux-gnu-g++   -march=native -O2 -pipe   -Wl,-O1 -Wl,--as-needed -v CMakeFiles/cmTC_b3cea.dir/CMakeCXXCompilerABI.cpp.o  -o cmTC_b3cea -rdynamic  
Using built-in specs.
COLLECT_GCC=/usr/x86_64-pc-linux-gnu/gcc-bin/5.4.0/x86_64-pc-linux-gnu-g++
COLLECT_LTO_WRAPPER=/usr/libexec/gcc/x86_64-pc-linux-gnu/5.4.0/lto-wrapper
Target: x86_64-pc-linux-gnu
Configured with: /var/tmp/portage/sys-devel/gcc-5.4.0-r3/work/gcc-5.4.0/configure --host=x86_64-pc-linux-gnu --build=x86_64-pc-linux-gnu --prefix=/usr --bindir=/usr/x86_64-pc-linux-gnu/gcc-bin/5.4.0 --includedir=/usr/lib/gcc/x86_64-pc-linux-gnu/5.4.0/include --datadir=/usr/share/gcc-data/x86_64-pc-linux-gnu/5.4.0 --mandir=/usr/share/gcc-data/x86_64-pc-linux-gnu/5.4.0/man --infodir=/usr/share/gcc-data/x86_64-pc-linux-gnu/5.4.0/info --with-gxx-include-dir=/usr/lib/gcc/x86_64-pc-linux-gnu/5.4.0/include/g++-v5 --with-python-dir=/share/gcc-data/x86_64-pc-linux-gnu/5.4.0/python --enable-languages=c,c++,fortran --enable-obsolete --enable-secureplt --disable-werror --with-system-zlib --enable-nls --without-included-gettext --enable-checking=release --with-bugurl=https://bugs.gentoo.org/ --with-pkgversion='Gentoo 5.4.0-r3 p1.3, pie-0.6.5' --enable-libstdcxx-time --enable-shared --enable-threads=posix --enable-__cxa_atexit --enable-clocale=gnu --enable-multilib --with-multilib-list=m32,m64 --disable-altivec --disable-fixed-point --enable-targets=all --disable-libgcj --enable-libgomp --disable-libmudflap --disable-libssp --disable-libcilkrts --disable-libmpx --enable-vtable-verify --enable-libvtv --enable-lto --without-isl --enable-libsanitizer
Thread model: posix
gcc version 5.4.0 (Gentoo 5.4.0-r3 p1.3, pie-0.6.5) 
COMPILER_PATH=/usr/libexec/gcc/x86_64-pc-linux-gnu/5.4.0/:/usr/libexec/gcc/x86_64-pc-linux-gnu/5.4.0/:/usr/libexec/gcc/x86_64-pc-linux-gnu/:/usr/lib/gcc/x86_64-pc-linux-gnu/5.4.0/:/usr/lib/gcc/x86_64-pc-linux-gnu/:/usr/lib/gcc/x86_64-pc-linux-gnu/5.4.0/../../../../x86_64-pc-linux-gnu/bin/
LIBRARY_PATH=/usr/lib/gcc/x86_64-pc-linux-gnu/5.4.0/:/usr/lib/gcc/x86_64-pc-linux-gnu/5.4.0/../../../../lib64/:/lib/../lib64/:/usr/lib/../lib64/:/usr/lib/gcc/x86_64-pc-linux-gnu/5.4.0/../../../../x86_64-pc-linux-gnu/lib/:/usr/lib/gcc/x86_64-pc-linux-gnu/5.4.0/../../../:/lib/:/usr/lib/
COLLECT_GCC_OPTIONS='-march=native' '-O2' '-pipe' '-v' '-o' 'cmTC_b3cea' '-rdynamic' '-shared-libgcc'
 /usr/libexec/gcc/x86_64-pc-linux-gnu/5.4.0/collect2 -plugin /usr/libexec/gcc/x86_64-pc-linux-gnu/5.4.0/liblto_plugin.so -plugin-opt=/usr/libexec/gcc/x86_64-pc-linux-gnu/5.4.0/lto-wrapper -plugin-opt=-fresolution=/var/tmp/portage/dev-util/cmake-3.7.2/temp/ccw08Gdw.res -plugin-opt=-pass-through=-lgcc_s -plugin-opt=-pass-through=-lgcc -plugin-opt=-pass-through=-lc -plugin-opt=-pass-through=-lgcc_s -plugin-opt=-pass-through=-lgcc --eh-frame-hdr -m elf_x86_64 -export-dynamic -dynamic-linker /lib64/ld-linux-x86-64.so.2 -o cmTC_b3cea /usr/lib/gcc/x86_64-pc-linux-gnu/5.4.0/../../../../lib64/crt1.o /usr/lib/gcc/x86_64-pc-linux-gnu/5.4.0/../../../../lib64/crti.o /usr/lib/gcc/x86_64-pc-linux-gnu/5.4.0/crtbegin.o -L/usr/lib/gcc/x86_64-pc-linux-gnu/5.4.0 -L/usr/lib/gcc/x86_64-pc-linux-gnu/5.4.0/../../../../lib64 -L/lib/../lib64 -L/usr/lib/../lib64 -L/usr/lib/gcc/x86_64-pc-linux-gnu/5.4.0/../../../../x86_64-pc-linux-gnu/lib -L/usr/lib/gcc/x86_64-pc-linux-gnu/5.4.0/../../.. -O1 --as-needed CMakeFiles/cmTC_b3cea.dir/CMakeCXXCompilerABI.cpp.o -lstdc++ -lm -lgcc_s -lgcc -lc -lgcc_s -lgcc /usr/lib/gcc/x86_64-pc-linux-gnu/5.4.0/crtend.o /usr/lib/gcc/x86_64-pc-linux-gnu/5.4.0/../../../../lib64/crtn.o
gmake[1]: Leaving directory '/var/tmp/portage/dev-util/cmake-3.7.2/work/cmake-3.7.2_build/CMakeFiles/CMakeTmp'


Parsed CXX implicit link information from above output:
  link line regex: [^( *|.*[/\])(ld|([^/\]+-)?ld|collect2)[^/\]*( |$)]
  ignore line: [Change Dir: /var/tmp/portage/dev-util/cmake-3.7.2/work/cmake-3.7.2_build/CMakeFiles/CMakeTmp]
  ignore line: []
  ignore line: [Run Build Command:"/usr/bin/gmake" "cmTC_b3cea/fast"]
  ignore line: [/usr/bin/gmake -f CMakeFiles/cmTC_b3cea.dir/build.make CMakeFiles/cmTC_b3cea.dir/build]
  ignore line: [gmake[1]: Entering directory '/var/tmp/portage/dev-util/cmake-3.7.2/work/cmake-3.7.2_build/CMakeFiles/CMakeTmp']
  ignore line: [Building CXX object CMakeFiles/cmTC_b3cea.dir/CMakeCXXCompilerABI.cpp.o]
  ignore line: [/usr/bin/x86_64-pc-linux-gnu-g++     -DNDEBUG -march=native -O2 -pipe    -o CMakeFiles/cmTC_b3cea.dir/CMakeCXXCompilerABI.cpp.o -c /usr/share/cmake/Modules/CMakeCXXCompilerABI.cpp]
  ignore line: [Linking CXX executable cmTC_b3cea]
  ignore line: [/usr/bin/cmake -E cmake_link_script CMakeFiles/cmTC_b3cea.dir/link.txt --verbose=1]
  ignore line: [/usr/bin/x86_64-pc-linux-gnu-g++   -march=native -O2 -pipe   -Wl,-O1 -Wl,--as-needed -v CMakeFiles/cmTC_b3cea.dir/CMakeCXXCompilerABI.cpp.o  -o cmTC_b3cea -rdynamic  ]
  ignore line: [Using built-in specs.]
  ignore line: [COLLECT_GCC=/usr/x86_64-pc-linux-gnu/gcc-bin/5.4.0/x86_64-pc-linux-gnu-g++]
  ignore line: [COLLECT_LTO_WRAPPER=/usr/libexec/gcc/x86_64-pc-linux-gnu/5.4.0/lto-wrapper]
  ignore line: [Target: x86_64-pc-linux-gnu]
  ignore line: [Configured with: /var/tmp/portage/sys-devel/gcc-5.4.0-r3/work/gcc-5.4.0/configure --host=x86_64-pc-linux-gnu --build=x86_64-pc-linux-gnu --prefix=/usr --bindir=/usr/x86_64-pc-linux-gnu/gcc-bin/5.4.0 --includedir=/usr/lib/gcc/x86_64-pc-linux-gnu/5.4.0/include --datadir=/usr/share/gcc-data/x86_64-pc-linux-gnu/5.4.0 --mandir=/usr/share/gcc-data/x86_64-pc-linux-gnu/5.4.0/man --infodir=/usr/share/gcc-data/x86_64-pc-linux-gnu/5.4.0/info --with-gxx-include-dir=/usr/lib/gcc/x86_64-pc-linux-gnu/5.4.0/include/g++-v5 --with-python-dir=/share/gcc-data/x86_64-pc-linux-gnu/5.4.0/python --enable-languages=c,c++,fortran --enable-obsolete --enable-secureplt --disable-werror --with-system-zlib --enable-nls --without-included-gettext --enable-checking=release --with-bugurl=https://bugs.gentoo.org/ --with-pkgversion='Gentoo 5.4.0-r3 p1.3, pie-0.6.5' --enable-libstdcxx-time --enable-shared --enable-threads=posix --enable-__cxa_atexit --enable-clocale=gnu --enable-multilib --with-multilib-list=m32,m64 --disable-altivec --disable-fixed-point --enable-targets=all --disable-libgcj --enable-libgomp --disable-libmudflap --disable-libssp --disable-libcilkrts --disable-libmpx --enable-vtable-verify --enable-libvtv --enable-lto --without-isl --enable-libsanitizer]
  ignore line: [Thread model: posix]
  ignore line: [gcc version 5.4.0 (Gentoo 5.4.0-r3 p1.3, pie-0.6.5) ]
  ignore line: [COMPILER_PATH=/usr/libexec/gcc/x86_64-pc-linux-gnu/5.4.0/:/usr/libexec/gcc/x86_64-pc-linux-gnu/5.4.0/:/usr/libexec/gcc/x86_64-pc-linux-gnu/:/usr/lib/gcc/x86_64-pc-linux-gnu/5.4.0/:/usr/lib/gcc/x86_64-pc-linux-gnu/:/usr/lib/gcc/x86_64-pc-linux-gnu/5.4.0/../../../../x86_64-pc-linux-gnu/bin/]
  ignore line: [LIBRARY_PATH=/usr/lib/gcc/x86_64-pc-linux-gnu/5.4.0/:/usr/lib/gcc/x86_64-pc-linux-gnu/5.4.0/../../../../lib64/:/lib/../lib64/:/usr/lib/../lib64/:/usr/lib/gcc/x86_64-pc-linux-gnu/5.4.0/../../../../x86_64-pc-linux-gnu/lib/:/usr/lib/gcc/x86_64-pc-linux-gnu/5.4.0/../../../:/lib/:/usr/lib/]
  ignore line: [COLLECT_GCC_OPTIONS='-march=native' '-O2' '-pipe' '-v' '-o' 'cmTC_b3cea' '-rdynamic' '-shared-libgcc']
  link line: [ /usr/libexec/gcc/x86_64-pc-linux-gnu/5.4.0/collect2 -plugin /usr/libexec/gcc/x86_64-pc-linux-gnu/5.4.0/liblto_plugin.so -plugin-opt=/usr/libexec/gcc/x86_64-pc-linux-gnu/5.4.0/lto-wrapper -plugin-opt=-fresolution=/var/tmp/portage/dev-util/cmake-3.7.2/temp/ccw08Gdw.res -plugin-opt=-pass-through=-lgcc_s -plugin-opt=-pass-through=-lgcc -plugin-opt=-pass-through=-lc -plugin-opt=-pass-through=-lgcc_s -plugin-opt=-pass-through=-lgcc --eh-frame-hdr -m elf_x86_64 -export-dynamic -dynamic-linker /lib64/ld-linux-x86-64.so.2 -o cmTC_b3cea /usr/lib/gcc/x86_64-pc-linux-gnu/5.4.0/../../../../lib64/crt1.o /usr/lib/gcc/x86_64-pc-linux-gnu/5.4.0/../../../../lib64/crti.o /usr/lib/gcc/x86_64-pc-linux-gnu/5.4.0/crtbegin.o -L/usr/lib/gcc/x86_64-pc-linux-gnu/5.4.0 -L/usr/lib/gcc/x86_64-pc-linux-gnu/5.4.0/../../../../lib64 -L/lib/../lib64 -L/usr/lib/../lib64 -L/usr/lib/gcc/x86_64-pc-linux-gnu/5.4.0/../../../../x86_64-pc-linux-gnu/lib -L/usr/lib/gcc/x86_64-pc-linux-gnu/5.4.0/../../.. -O1 --as-needed CMakeFiles/cmTC_b3cea.dir/CMakeCXXCompilerABI.cpp.o -lstdc++ -lm -lgcc_s -lgcc -lc -lgcc_s -lgcc /usr/lib/gcc/x86_64-pc-linux-gnu/5.4.0/crtend.o /usr/lib/gcc/x86_64-pc-linux-gnu/5.4.0/../../../../lib64/crtn.o]
    arg [/usr/libexec/gcc/x86_64-pc-linux-gnu/5.4.0/collect2] ==> ignore
    arg [-plugin] ==> ignore
    arg [/usr/libexec/gcc/x86_64-pc-linux-gnu/5.4.0/liblto_plugin.so] ==> ignore
    arg [-plugin-opt=/usr/libexec/gcc/x86_64-pc-linux-gnu/5.4.0/lto-wrapper] ==> ignore
    arg [-plugin-opt=-fresolution=/var/tmp/portage/dev-util/cmake-3.7.2/temp/ccw08Gdw.res] ==> ignore
    arg [-plugin-opt=-pass-through=-lgcc_s] ==> ignore
    arg [-plugin-opt=-pass-through=-lgcc] ==> ignore
    arg [-plugin-opt=-pass-through=-lc] ==> ignore
    arg [-plugin-opt=-pass-through=-lgcc_s] ==> ignore
    arg [-plugin-opt=-pass-through=-lgcc] ==> ignore
    arg [--eh-frame-hdr] ==> ignore
    arg [-m] ==> ignore
    arg [elf_x86_64] ==> ignore
    arg [-export-dynamic] ==> ignore
    arg [-dynamic-linker] ==> ignore
    arg [/lib64/ld-linux-x86-64.so.2] ==> ignore
    arg [-o] ==> ignore
    arg [cmTC_b3cea] ==> ignore
    arg [/usr/lib/gcc/x86_64-pc-linux-gnu/5.4.0/../../../../lib64/crt1.o] ==> ignore
    arg [/usr/lib/gcc/x86_64-pc-linux-gnu/5.4.0/../../../../lib64/crti.o] ==> ignore
    arg [/usr/lib/gcc/x86_64-pc-linux-gnu/5.4.0/crtbegin.o] ==> ignore
    arg [-L/usr/lib/gcc/x86_64-pc-linux-gnu/5.4.0] ==> dir [/usr/lib/gcc/x86_64-pc-linux-gnu/5.4.0]
    arg [-L/usr/lib/gcc/x86_64-pc-linux-gnu/5.4.0/../../../../lib64] ==> dir [/usr/lib/gcc/x86_64-pc-linux-gnu/5.4.0/../../../../lib64]
    arg [-L/lib/../lib64] ==> dir [/lib/../lib64]
    arg [-L/usr/lib/../lib64] ==> dir [/usr/lib/../lib64]
    arg [-L/usr/lib/gcc/x86_64-pc-linux-gnu/5.4.0/../../../../x86_64-pc-linux-gnu/lib] ==> dir [/usr/lib/gcc/x86_64-pc-linux-gnu/5.4.0/../../../../x86_64-pc-linux-gnu/lib]
    arg [-L/usr/lib/gcc/x86_64-pc-linux-gnu/5.4.0/../../..] ==> dir [/usr/lib/gcc/x86_64-pc-linux-gnu/5.4.0/../../..]
    arg [-O1] ==> ignore
    arg [--as-needed] ==> ignore
    arg [CMakeFiles/cmTC_b3cea.dir/CMakeCXXCompilerABI.cpp.o] ==> ignore
    arg [-lstdc++] ==> lib [stdc++]
    arg [-lm] ==> lib [m]
    arg [-lgcc_s] ==> lib [gcc_s]
    arg [-lgcc] ==> lib [gcc]
    arg [-lc] ==> lib [c]
    arg [-lgcc_s] ==> lib [gcc_s]
    arg [-lgcc] ==> lib [gcc]
    arg [/usr/lib/gcc/x86_64-pc-linux-gnu/5.4.0/crtend.o] ==> ignore
    arg [/usr/lib/gcc/x86_64-pc-linux-gnu/5.4.0/../../../../lib64/crtn.o] ==> ignore
  remove lib [gcc_s]
  remove lib [gcc]
  remove lib [gcc_s]
  remove lib [gcc]
  collapse library dir [/usr/lib/gcc/x86_64-pc-linux-gnu/5.4.0] ==> [/usr/lib/gcc/x86_64-pc-linux-gnu/5.4.0]
  collapse library dir [/usr/lib/gcc/x86_64-pc-linux-gnu/5.4.0/../../../../lib64] ==> [/usr/lib64]
  collapse library dir [/lib/../lib64] ==> [/lib64]
  collapse library dir [/usr/lib/../lib64] ==> [/usr/lib64]
  collapse library dir [/usr/lib/gcc/x86_64-pc-linux-gnu/5.4.0/../../../../x86_64-pc-linux-gnu/lib] ==> [/usr/x86_64-pc-linux-gnu/lib]
  collapse library dir [/usr/lib/gcc/x86_64-pc-linux-gnu/5.4.0/../../..] ==> [/usr/lib]
  implicit libs: [stdc++;m;c]
  implicit dirs: [/usr/lib/gcc/x86_64-pc-linux-gnu/5.4.0;/usr/lib64;/lib64;/usr/x86_64-pc-linux-gnu/lib;/usr/lib]
  implicit fwks: []




Detecting CXX [-std=c++14] compiler features compiled with the following output:
Change Dir: /var/tmp/portage/dev-util/cmake-3.7.2/work/cmake-3.7.2_build/CMakeFiles/CMakeTmp

Run Build Command:"/usr/bin/gmake" "cmTC_189de/fast"
/usr/bin/gmake -f CMakeFiles/cmTC_189de.dir/build.make CMakeFiles/cmTC_189de.dir/build
gmake[1]: Entering directory '/var/tmp/portage/dev-util/cmake-3.7.2/work/cmake-3.7.2_build/CMakeFiles/CMakeTmp'
Building CXX object CMakeFiles/cmTC_189de.dir/feature_tests.cxx.o
/usr/bin/x86_64-pc-linux-gnu-g++     -DNDEBUG -march=native -O2 -pipe    -std=c++14 -o CMakeFiles/cmTC_189de.dir/feature_tests.cxx.o -c /var/tmp/portage/dev-util/cmake-3.7.2/work/cmake-3.7.2_build/CMakeFiles/feature_tests.cxx
Linking CXX executable cmTC_189de
/usr/bin/cmake -E cmake_link_script CMakeFiles/cmTC_189de.dir/link.txt --verbose=1
/usr/bin/x86_64-pc-linux-gnu-g++   -march=native -O2 -pipe   -Wl,-O1 -Wl,--as-needed  CMakeFiles/cmTC_189de.dir/feature_tests.cxx.o  -o cmTC_189de -rdynamic 
gmake[1]: Leaving directory '/var/tmp/portage/dev-util/cmake-3.7.2/work/cmake-3.7.2_build/CMakeFiles/CMakeTmp'


    Feature record: CXX_FEATURE:1cxx_aggregate_default_initializers
    Feature record: CXX_FEATURE:1cxx_alias_templates
    Feature record: CXX_FEATURE:1cxx_alignas
    Feature record: CXX_FEATURE:1cxx_alignof
    Feature record: CXX_FEATURE:1cxx_attributes
    Feature record: CXX_FEATURE:1cxx_attribute_deprecated
    Feature record: CXX_FEATURE:1cxx_auto_type
    Feature record: CXX_FEATURE:1cxx_binary_literals
    Feature record: CXX_FEATURE:1cxx_constexpr
    Feature record: CXX_FEATURE:1cxx_contextual_conversions
    Feature record: CXX_FEATURE:1cxx_decltype
    Feature record: CXX_FEATURE:1cxx_decltype_auto
    Feature record: CXX_FEATURE:1cxx_decltype_incomplete_return_types
    Feature record: CXX_FEATURE:1cxx_default_function_template_args
    Feature record: CXX_FEATURE:1cxx_defaulted_functions
    Feature record: CXX_FEATURE:1cxx_defaulted_move_initializers
    Feature record: CXX_FEATURE:1cxx_delegating_constructors
    Feature record: CXX_FEATURE:1cxx_deleted_functions
    Feature record: CXX_FEATURE:1cxx_digit_separators
    Feature record: CXX_FEATURE:1cxx_enum_forward_declarations
    Feature record: CXX_FEATURE:1cxx_explicit_conversions
    Feature record: CXX_FEATURE:1cxx_extended_friend_declarations
    Feature record: CXX_FEATURE:1cxx_extern_templates
    Feature record: CXX_FEATURE:1cxx_final
    Feature record: CXX_FEATURE:1cxx_func_identifier
    Feature record: CXX_FEATURE:1cxx_generalized_initializers
    Feature record: CXX_FEATURE:1cxx_generic_lambdas
    Feature record: CXX_FEATURE:1cxx_inheriting_constructors
    Feature record: CXX_FEATURE:1cxx_inline_namespaces
    Feature record: CXX_FEATURE:1cxx_lambdas
    Feature record: CXX_FEATURE:1cxx_lambda_init_captures
    Feature record: CXX_FEATURE:1cxx_local_type_template_args
    Feature record: CXX_FEATURE:1cxx_long_long_type
    Feature record: CXX_FEATURE:1cxx_noexcept
    Feature record: CXX_FEATURE:1cxx_nonstatic_member_init
    Feature record: CXX_FEATURE:1cxx_nullptr
    Feature record: CXX_FEATURE:1cxx_override
    Feature record: CXX_FEATURE:1cxx_range_for
    Feature record: CXX_FEATURE:1cxx_raw_string_literals
    Feature record: CXX_FEATURE:1cxx_reference_qualified_functions
    Feature record: CXX_FEATURE:1cxx_relaxed_constexpr
    Feature record: CXX_FEATURE:1cxx_return_type_deduction
    Feature record: CXX_FEATURE:1cxx_right_angle_brackets
    Feature record: CXX_FEATURE:1cxx_rvalue_references
    Feature record: CXX_FEATURE:1cxx_sizeof_member
    Feature record: CXX_FEATURE:1cxx_static_assert
    Feature record: CXX_FEATURE:1cxx_strong_enums
    Feature record: CXX_FEATURE:1cxx_template_template_parameters
    Feature record: CXX_FEATURE:1cxx_thread_local
    Feature record: CXX_FEATURE:1cxx_trailing_return_types
    Feature record: CXX_FEATURE:1cxx_unicode_literals
    Feature record: CXX_FEATURE:1cxx_uniform_initialization
    Feature record: CXX_FEATURE:1cxx_unrestricted_unions
    Feature record: CXX_FEATURE:1cxx_user_literals
    Feature record: CXX_FEATURE:1cxx_variable_templates
    Feature record: CXX_FEATURE:1cxx_variadic_macros
    Feature record: CXX_FEATURE:1cxx_variadic_templates


Detecting CXX [-std=c++11] compiler features compiled with the following output:
Change Dir: /var/tmp/portage/dev-util/cmake-3.7.2/work/cmake-3.7.2_build/CMakeFiles/CMakeTmp

Run Build Command:"/usr/bin/gmake" "cmTC_f74b5/fast"
/usr/bin/gmake -f CMakeFiles/cmTC_f74b5.dir/build.make CMakeFiles/cmTC_f74b5.dir/build
gmake[1]: Entering directory '/var/tmp/portage/dev-util/cmake-3.7.2/work/cmake-3.7.2_build/CMakeFiles/CMakeTmp'
Building CXX object CMakeFiles/cmTC_f74b5.dir/feature_tests.cxx.o
/usr/bin/x86_64-pc-linux-gnu-g++     -DNDEBUG -march=native -O2 -pipe    -std=c++11 -o CMakeFiles/cmTC_f74b5.dir/feature_tests.cxx.o -c /var/tmp/portage/dev-util/cmake-3.7.2/work/cmake-3.7.2_build/CMakeFiles/feature_tests.cxx
Linking CXX executable cmTC_f74b5
/usr/bin/cmake -E cmake_link_script CMakeFiles/cmTC_f74b5.dir/link.txt --verbose=1
/usr/bin/x86_64-pc-linux-gnu-g++   -march=native -O2 -pipe   -Wl,-O1 -Wl,--as-needed  CMakeFiles/cmTC_f74b5.dir/feature_tests.cxx.o  -o cmTC_f74b5 -rdynamic 
gmake[1]: Leaving directory '/var/tmp/portage/dev-util/cmake-3.7.2/work/cmake-3.7.2_build/CMakeFiles/CMakeTmp'


    Feature record: CXX_FEATURE:0cxx_aggregate_default_initializers
    Feature record: CXX_FEATURE:1cxx_alias_templates
    Feature record: CXX_FEATURE:1cxx_alignas
    Feature record: CXX_FEATURE:1cxx_alignof
    Feature record: CXX_FEATURE:1cxx_attributes
    Feature record: CXX_FEATURE:0cxx_attribute_deprecated
    Feature record: CXX_FEATURE:1cxx_auto_type
    Feature record: CXX_FEATURE:0cxx_binary_literals
    Feature record: CXX_FEATURE:1cxx_constexpr
    Feature record: CXX_FEATURE:0cxx_contextual_conversions
    Feature record: CXX_FEATURE:1cxx_decltype
    Feature record: CXX_FEATURE:0cxx_decltype_auto
    Feature record: CXX_FEATURE:1cxx_decltype_incomplete_return_types
    Feature record: CXX_FEATURE:1cxx_default_function_template_args
    Feature record: CXX_FEATURE:1cxx_defaulted_functions
    Feature record: CXX_FEATURE:1cxx_defaulted_move_initializers
    Feature record: CXX_FEATURE:1cxx_delegating_constructors
    Feature record: CXX_FEATURE:1cxx_deleted_functions
    Feature record: CXX_FEATURE:0cxx_digit_separators
    Feature record: CXX_FEATURE:1cxx_enum_forward_declarations
    Feature record: CXX_FEATURE:1cxx_explicit_conversions
    Feature record: CXX_FEATURE:1cxx_extended_friend_declarations
    Feature record: CXX_FEATURE:1cxx_extern_templates
    Feature record: CXX_FEATURE:1cxx_final
    Feature record: CXX_FEATURE:1cxx_func_identifier
    Feature record: CXX_FEATURE:1cxx_generalized_initializers
    Feature record: CXX_FEATURE:0cxx_generic_lambdas
    Feature record: CXX_FEATURE:1cxx_inheriting_constructors
    Feature record: CXX_FEATURE:1cxx_inline_namespaces
    Feature record: CXX_FEATURE:1cxx_lambdas
    Feature record: CXX_FEATURE:0cxx_lambda_init_captures
    Feature record: CXX_FEATURE:1cxx_local_type_template_args
    Feature record: CXX_FEATURE:1cxx_long_long_type
    Feature record: CXX_FEATURE:1cxx_noexcept
    Feature record: CXX_FEATURE:1cxx_nonstatic_member_init
    Feature record: CXX_FEATURE:1cxx_nullptr
    Feature record: CXX_FEATURE:1cxx_override
    Feature record: CXX_FEATURE:1cxx_range_for
    Feature record: CXX_FEATURE:1cxx_raw_string_literals
    Feature record: CXX_FEATURE:1cxx_reference_qualified_functions
    Feature record: CXX_FEATURE:0cxx_relaxed_constexpr
    Feature record: CXX_FEATURE:0cxx_return_type_deduction
    Feature record: CXX_FEATURE:1cxx_right_angle_brackets
    Feature record: CXX_FEATURE:1cxx_rvalue_references
    Feature record: CXX_FEATURE:1cxx_sizeof_member
    Feature record: CXX_FEATURE:1cxx_static_assert
    Feature record: CXX_FEATURE:1cxx_strong_enums
    Feature record: CXX_FEATURE:1cxx_template_template_parameters
    Feature record: CXX_FEATURE:1cxx_thread_local
    Feature record: CXX_FEATURE:1cxx_trailing_return_types
    Feature record: CXX_FEATURE:1cxx_unicode_literals
    Feature record: CXX_FEATURE:1cxx_uniform_initialization
    Feature record: CXX_FEATURE:1cxx_unrestricted_unions
    Feature record: CXX_FEATURE:1cxx_user_literals
    Feature record: CXX_FEATURE:0cxx_variable_templates
    Feature record: CXX_FEATURE:1cxx_variadic_macros
    Feature record: CXX_FEATURE:1cxx_variadic_templates


Detecting CXX [-std=c++98] compiler features compiled with the following output:
Change Dir: /var/tmp/portage/dev-util/cmake-3.7.2/work/cmake-3.7.2_build/CMakeFiles/CMakeTmp

Run Build Command:"/usr/bin/gmake" "cmTC_908a4/fast"
/usr/bin/gmake -f CMakeFiles/cmTC_908a4.dir/build.make CMakeFiles/cmTC_908a4.dir/build
gmake[1]: Entering directory '/var/tmp/portage/dev-util/cmake-3.7.2/work/cmake-3.7.2_build/CMakeFiles/CMakeTmp'
Building CXX object CMakeFiles/cmTC_908a4.dir/feature_tests.cxx.o
/usr/bin/x86_64-pc-linux-gnu-g++     -DNDEBUG -march=native -O2 -pipe    -std=c++98 -o CMakeFiles/cmTC_908a4.dir/feature_tests.cxx.o -c /var/tmp/portage/dev-util/cmake-3.7.2/work/cmake-3.7.2_build/CMakeFiles/feature_tests.cxx
Linking CXX executable cmTC_908a4
/usr/bin/cmake -E cmake_link_script CMakeFiles/cmTC_908a4.dir/link.txt --verbose=1
/usr/bin/x86_64-pc-linux-gnu-g++   -march=native -O2 -pipe   -Wl,-O1 -Wl,--as-needed  CMakeFiles/cmTC_908a4.dir/feature_tests.cxx.o  -o cmTC_908a4 -rdynamic 
gmake[1]: Leaving directory '/var/tmp/portage/dev-util/cmake-3.7.2/work/cmake-3.7.2_build/CMakeFiles/CMakeTmp'


    Feature record: CXX_FEATURE:0cxx_aggregate_default_initializers
    Feature record: CXX_FEATURE:0cxx_alias_templates
    Feature record: CXX_FEATURE:0cxx_alignas
    Feature record: CXX_FEATURE:0cxx_alignof
    Feature record: CXX_FEATURE:0cxx_attributes
    Feature record: CXX_FEATURE:0cxx_attribute_deprecated
    Feature record: CXX_FEATURE:0cxx_auto_type
    Feature record: CXX_FEATURE:0cxx_binary_literals
    Feature record: CXX_FEATURE:0cxx_constexpr
    Feature record: CXX_FEATURE:0cxx_contextual_conversions
    Feature record: CXX_FEATURE:0cxx_decltype
    Feature record: CXX_FEATURE:0cxx_decltype_auto
    Feature record: CXX_FEATURE:0cxx_decltype_incomplete_return_types
    Feature record: CXX_FEATURE:0cxx_default_function_template_args
    Feature record: CXX_FEATURE:0cxx_defaulted_functions
    Feature record: CXX_FEATURE:0cxx_defaulted_move_initializers
    Feature record: CXX_FEATURE:0cxx_delegating_constructors
    Feature record: CXX_FEATURE:0cxx_deleted_functions
    Feature record: CXX_FEATURE:0cxx_digit_separators
    Feature record: CXX_FEATURE:0cxx_enum_forward_declarations
    Feature record: CXX_FEATURE:0cxx_explicit_conversions
    Feature record: CXX_FEATURE:0cxx_extended_friend_declarations
    Feature record: CXX_FEATURE:0cxx_extern_templates
    Feature record: CXX_FEATURE:0cxx_final
    Feature record: CXX_FEATURE:0cxx_func_identifier
    Feature record: CXX_FEATURE:0cxx_generalized_initializers
    Feature record: CXX_FEATURE:0cxx_generic_lambdas
    Feature record: CXX_FEATURE:0cxx_inheriting_constructors
    Feature record: CXX_FEATURE:0cxx_inline_namespaces
    Feature record: CXX_FEATURE:0cxx_lambdas
    Feature record: CXX_FEATURE:0cxx_lambda_init_captures
    Feature record: CXX_FEATURE:0cxx_local_type_template_args
    Feature record: CXX_FEATURE:0cxx_long_long_type
    Feature record: CXX_FEATURE:0cxx_noexcept
    Feature record: CXX_FEATURE:0cxx_nonstatic_member_init
    Feature record: CXX_FEATURE:0cxx_nullptr
    Feature record: CXX_FEATURE:0cxx_override
    Feature record: CXX_FEATURE:0cxx_range_for
    Feature record: CXX_FEATURE:0cxx_raw_string_literals
    Feature record: CXX_FEATURE:0cxx_reference_qualified_functions
    Feature record: CXX_FEATURE:0cxx_relaxed_constexpr
    Feature record: CXX_FEATURE:0cxx_return_type_deduction
    Feature record: CXX_FEATURE:0cxx_right_angle_brackets
    Feature record: CXX_FEATURE:0cxx_rvalue_references
    Feature record: CXX_FEATURE:0cxx_sizeof_member
    Feature record: CXX_FEATURE:0cxx_static_assert
    Feature record: CXX_FEATURE:0cxx_strong_enums
    Feature record: CXX_FEATURE:1cxx_template_template_parameters
    Feature record: CXX_FEATURE:0cxx_thread_local
    Feature record: CXX_FEATURE:0cxx_trailing_return_types
    Feature record: CXX_FEATURE:0cxx_unicode_literals
    Feature record: CXX_FEATURE:0cxx_uniform_initialization
    Feature record: CXX_FEATURE:0cxx_unrestricted_unions
    Feature record: CXX_FEATURE:0cxx_user_literals
    Feature record: CXX_FEATURE:0cxx_variable_templates
    Feature record: CXX_FEATURE:0cxx_variadic_macros
    Feature record: CXX_FEATURE:0cxx_variadic_templates
Determining if compiler supports C11 _Thread_local passed with the following output:
Change Dir: /var/tmp/portage/dev-util/cmake-3.7.2/work/cmake-3.7.2_build/CMakeFiles/CMakeTmp

Run Build Command:"/usr/bin/gmake" "cmTC_91c53/fast"
/usr/bin/gmake -f CMakeFiles/cmTC_91c53.dir/build.make CMakeFiles/cmTC_91c53.dir/build
gmake[1]: Entering directory '/var/tmp/portage/dev-util/cmake-3.7.2/work/cmake-3.7.2_build/CMakeFiles/CMakeTmp'
Building C object CMakeFiles/cmTC_91c53.dir/cm_c11_thread_local.c.o
/usr/bin/x86_64-pc-linux-gnu-gcc     -DNDEBUG -march=native -O2 -pipe    -std=gnu11 -o CMakeFiles/cmTC_91c53.dir/cm_c11_thread_local.c.o -c /var/tmp/portage/dev-util/cmake-3.7.2/work/cmake-3.7.2/Source/Checks/cm_c11_thread_local.c
Linking C executable cmTC_91c53
/usr/bin/cmake -E cmake_link_script CMakeFiles/cmTC_91c53.dir/link.txt --verbose=1
/usr/bin/x86_64-pc-linux-gnu-gcc  -march=native -O2 -pipe   -Wl,-O1 -Wl,--as-needed  CMakeFiles/cmTC_91c53.dir/cm_c11_thread_local.c.o  -o cmTC_91c53 -rdynamic 
gmake[1]: Leaving directory '/var/tmp/portage/dev-util/cmake-3.7.2/work/cmake-3.7.2_build/CMakeFiles/CMakeTmp'


Determining if compiler supports C++14 cstdio passed with the following output:
Change Dir: /var/tmp/portage/dev-util/cmake-3.7.2/work/cmake-3.7.2_build/CMakeFiles/CMakeTmp

Run Build Command:"/usr/bin/gmake" "cmTC_00776/fast"
/usr/bin/gmake -f CMakeFiles/cmTC_00776.dir/build.make CMakeFiles/cmTC_00776.dir/build
gmake[1]: Entering directory '/var/tmp/portage/dev-util/cmake-3.7.2/work/cmake-3.7.2_build/CMakeFiles/CMakeTmp'
Building CXX object CMakeFiles/cmTC_00776.dir/cm_cxx14_cstdio.cpp.o
/usr/bin/x86_64-pc-linux-gnu-g++     -DNDEBUG -march=native -O2 -pipe    -std=gnu++14 -o CMakeFiles/cmTC_00776.dir/cm_cxx14_cstdio.cpp.o -c /var/tmp/portage/dev-util/cmake-3.7.2/work/cmake-3.7.2/Source/Checks/cm_cxx14_cstdio.cpp
Linking CXX executable cmTC_00776
/usr/bin/cmake -E cmake_link_script CMakeFiles/cmTC_00776.dir/link.txt --verbose=1
/usr/bin/x86_64-pc-linux-gnu-g++   -march=native -O2 -pipe   -Wl,-O1 -Wl,--as-needed  CMakeFiles/cmTC_00776.dir/cm_cxx14_cstdio.cpp.o  -o cmTC_00776 -rdynamic 
gmake[1]: Leaving directory '/var/tmp/portage/dev-util/cmake-3.7.2/work/cmake-3.7.2_build/CMakeFiles/CMakeTmp'


Determining if compiler supports C++ make_unique passed with the following output:
Change Dir: /var/tmp/portage/dev-util/cmake-3.7.2/work/cmake-3.7.2_build/CMakeFiles/CMakeTmp

Run Build Command:"/usr/bin/gmake" "cmTC_648a2/fast"
/usr/bin/gmake -f CMakeFiles/cmTC_648a2.dir/build.make CMakeFiles/cmTC_648a2.dir/build
gmake[1]: Entering directory '/var/tmp/portage/dev-util/cmake-3.7.2/work/cmake-3.7.2_build/CMakeFiles/CMakeTmp'
Building CXX object CMakeFiles/cmTC_648a2.dir/cm_cxx_make_unique.cxx.o
/usr/bin/x86_64-pc-linux-gnu-g++     -DNDEBUG -march=native -O2 -pipe    -std=gnu++14 -o CMakeFiles/cmTC_648a2.dir/cm_cxx_make_unique.cxx.o -c /var/tmp/portage/dev-util/cmake-3.7.2/work/cmake-3.7.2/Source/Checks/cm_cxx_make_unique.cxx
Linking CXX executable cmTC_648a2
/usr/bin/cmake -E cmake_link_script CMakeFiles/cmTC_648a2.dir/link.txt --verbose=1
/usr/bin/x86_64-pc-linux-gnu-g++   -march=native -O2 -pipe   -Wl,-O1 -Wl,--as-needed  CMakeFiles/cmTC_648a2.dir/cm_cxx_make_unique.cxx.o  -o cmTC_648a2 -rdynamic 
gmake[1]: Leaving directory '/var/tmp/portage/dev-util/cmake-3.7.2/work/cmake-3.7.2_build/CMakeFiles/CMakeTmp'


Determining if compiler supports C++ nullptr passed with the following output:
Change Dir: /var/tmp/portage/dev-util/cmake-3.7.2/work/cmake-3.7.2_build/CMakeFiles/CMakeTmp

Run Build Command:"/usr/bin/gmake" "cmTC_49d23/fast"
/usr/bin/gmake -f CMakeFiles/cmTC_49d23.dir/build.make CMakeFiles/cmTC_49d23.dir/build
gmake[1]: Entering directory '/var/tmp/portage/dev-util/cmake-3.7.2/work/cmake-3.7.2_build/CMakeFiles/CMakeTmp'
Building CXX object CMakeFiles/cmTC_49d23.dir/cm_cxx_nullptr.cxx.o
/usr/bin/x86_64-pc-linux-gnu-g++     -DNDEBUG -march=native -O2 -pipe    -std=gnu++14 -o CMakeFiles/cmTC_49d23.dir/cm_cxx_nullptr.cxx.o -c /var/tmp/portage/dev-util/cmake-3.7.2/work/cmake-3.7.2/Source/Checks/cm_cxx_nullptr.cxx
Linking CXX executable cmTC_49d23
/usr/bin/cmake -E cmake_link_script CMakeFiles/cmTC_49d23.dir/link.txt --verbose=1
/usr/bin/x86_64-pc-linux-gnu-g++   -march=native -O2 -pipe   -Wl,-O1 -Wl,--as-needed  CMakeFiles/cmTC_49d23.dir/cm_cxx_nullptr.cxx.o  -o cmTC_49d23 -rdynamic 
gmake[1]: Leaving directory '/var/tmp/portage/dev-util/cmake-3.7.2/work/cmake-3.7.2_build/CMakeFiles/CMakeTmp'


Determining if compiler supports C++ override passed with the following output:
Change Dir: /var/tmp/portage/dev-util/cmake-3.7.2/work/cmake-3.7.2_build/CMakeFiles/CMakeTmp

Run Build Command:"/usr/bin/gmake" "cmTC_6153b/fast"
/usr/bin/gmake -f CMakeFiles/cmTC_6153b.dir/build.make CMakeFiles/cmTC_6153b.dir/build
gmake[1]: Entering directory '/var/tmp/portage/dev-util/cmake-3.7.2/work/cmake-3.7.2_build/CMakeFiles/CMakeTmp'
Building CXX object CMakeFiles/cmTC_6153b.dir/cm_cxx_override.cxx.o
/usr/bin/x86_64-pc-linux-gnu-g++     -DNDEBUG -march=native -O2 -pipe    -std=gnu++14 -o CMakeFiles/cmTC_6153b.dir/cm_cxx_override.cxx.o -c /var/tmp/portage/dev-util/cmake-3.7.2/work/cmake-3.7.2/Source/Checks/cm_cxx_override.cxx
Linking CXX executable cmTC_6153b
/usr/bin/cmake -E cmake_link_script CMakeFiles/cmTC_6153b.dir/link.txt --verbose=1
/usr/bin/x86_64-pc-linux-gnu-g++   -march=native -O2 -pipe   -Wl,-O1 -Wl,--as-needed  CMakeFiles/cmTC_6153b.dir/cm_cxx_override.cxx.o  -o cmTC_6153b -rdynamic 
gmake[1]: Leaving directory '/var/tmp/portage/dev-util/cmake-3.7.2/work/cmake-3.7.2_build/CMakeFiles/CMakeTmp'


Determining if compiler supports C++ unordered_map passed with the following output:
Change Dir: /var/tmp/portage/dev-util/cmake-3.7.2/work/cmake-3.7.2_build/CMakeFiles/CMakeTmp

Run Build Command:"/usr/bin/gmake" "cmTC_d6e93/fast"
/usr/bin/gmake -f CMakeFiles/cmTC_d6e93.dir/build.make CMakeFiles/cmTC_d6e93.dir/build
gmake[1]: Entering directory '/var/tmp/portage/dev-util/cmake-3.7.2/work/cmake-3.7.2_build/CMakeFiles/CMakeTmp'
Building CXX object CMakeFiles/cmTC_d6e93.dir/cm_cxx_unordered_map.cxx.o
/usr/bin/x86_64-pc-linux-gnu-g++     -DNDEBUG -march=native -O2 -pipe    -std=gnu++14 -o CMakeFiles/cmTC_d6e93.dir/cm_cxx_unordered_map.cxx.o -c /var/tmp/portage/dev-util/cmake-3.7.2/work/cmake-3.7.2/Source/Checks/cm_cxx_unordered_map.cxx
Linking CXX executable cmTC_d6e93
/usr/bin/cmake -E cmake_link_script CMakeFiles/cmTC_d6e93.dir/link.txt --verbose=1
/usr/bin/x86_64-pc-linux-gnu-g++   -march=native -O2 -pipe   -Wl,-O1 -Wl,--as-needed  CMakeFiles/cmTC_d6e93.dir/cm_cxx_unordered_map.cxx.o  -o cmTC_d6e93 -rdynamic 
gmake[1]: Leaving directory '/var/tmp/portage/dev-util/cmake-3.7.2/work/cmake-3.7.2_build/CMakeFiles/CMakeTmp'


Determining if compiler supports C++ unordered_set passed with the following output:
Change Dir: /var/tmp/portage/dev-util/cmake-3.7.2/work/cmake-3.7.2_build/CMakeFiles/CMakeTmp

Run Build Command:"/usr/bin/gmake" "cmTC_00a2b/fast"
/usr/bin/gmake -f CMakeFiles/cmTC_00a2b.dir/build.make CMakeFiles/cmTC_00a2b.dir/build
gmake[1]: Entering directory '/var/tmp/portage/dev-util/cmake-3.7.2/work/cmake-3.7.2_build/CMakeFiles/CMakeTmp'
Building CXX object CMakeFiles/cmTC_00a2b.dir/cm_cxx_unordered_set.cxx.o
/usr/bin/x86_64-pc-linux-gnu-g++     -DNDEBUG -march=native -O2 -pipe    -std=gnu++14 -o CMakeFiles/cmTC_00a2b.dir/cm_cxx_unordered_set.cxx.o -c /var/tmp/portage/dev-util/cmake-3.7.2/work/cmake-3.7.2/Source/Checks/cm_cxx_unordered_set.cxx
Linking CXX executable cmTC_00a2b
/usr/bin/cmake -E cmake_link_script CMakeFiles/cmTC_00a2b.dir/link.txt --verbose=1
/usr/bin/x86_64-pc-linux-gnu-g++   -march=native -O2 -pipe   -Wl,-O1 -Wl,--as-needed  CMakeFiles/cmTC_00a2b.dir/cm_cxx_unordered_set.cxx.o  -o cmTC_00a2b -rdynamic 
gmake[1]: Leaving directory '/var/tmp/portage/dev-util/cmake-3.7.2/work/cmake-3.7.2_build/CMakeFiles/CMakeTmp'


Determining if the unsetenv exist passed with the following output:
Change Dir: /var/tmp/portage/dev-util/cmake-3.7.2/work/cmake-3.7.2_build/CMakeFiles/CMakeTmp

Run Build Command:"/usr/bin/gmake" "cmTC_6e244/fast"
/usr/bin/gmake -f CMakeFiles/cmTC_6e244.dir/build.make CMakeFiles/cmTC_6e244.dir/build
gmake[1]: Entering directory '/var/tmp/portage/dev-util/cmake-3.7.2/work/cmake-3.7.2_build/CMakeFiles/CMakeTmp'
Building C object CMakeFiles/cmTC_6e244.dir/CheckSymbolExists.c.o
/usr/bin/x86_64-pc-linux-gnu-gcc     -DNDEBUG -march=native -O2 -pipe    -o CMakeFiles/cmTC_6e244.dir/CheckSymbolExists.c.o -c /var/tmp/portage/dev-util/cmake-3.7.2/work/cmake-3.7.2_build/CMakeFiles/CMakeTmp/CheckSymbolExists.c
Linking C executable cmTC_6e244
/usr/bin/cmake -E cmake_link_script CMakeFiles/cmTC_6e244.dir/link.txt --verbose=1
/usr/bin/x86_64-pc-linux-gnu-gcc  -march=native -O2 -pipe   -Wl,-O1 -Wl,--as-needed  CMakeFiles/cmTC_6e244.dir/CheckSymbolExists.c.o  -o cmTC_6e244 -rdynamic 
gmake[1]: Leaving directory '/var/tmp/portage/dev-util/cmake-3.7.2/work/cmake-3.7.2_build/CMakeFiles/CMakeTmp'

File /var/tmp/portage/dev-util/cmake-3.7.2/work/cmake-3.7.2_build/CMakeFiles/CMakeTmp/CheckSymbolExists.c:
/* */
#include <stdlib.h>

int main(int argc, char** argv)
{
  (void)argv;
#ifndef unsetenv
  return ((int*)(&unsetenv))[argc];
#else
  (void)argc;
  return 0;
#endif
}

Checking whether header cstdio is available compiled with the following output:
Change Dir: /var/tmp/portage/dev-util/cmake-3.7.2/work/cmake-3.7.2_build/Source/kwsys/CMakeFiles/CMakeTmp

Run Build Command:"/usr/bin/gmake" "cmTC_04983/fast"
/usr/bin/gmake -f CMakeFiles/cmTC_04983.dir/build.make CMakeFiles/cmTC_04983.dir/build
gmake[1]: Entering directory '/var/tmp/portage/dev-util/cmake-3.7.2/work/cmake-3.7.2_build/Source/kwsys/CMakeFiles/CMakeTmp'
Building CXX object CMakeFiles/cmTC_04983.dir/kwsysPlatformTestsCXX.cxx.o
/usr/bin/x86_64-pc-linux-gnu-g++  -DTEST_KWSYS_CXX_HAS_CSTDIO   -DNDEBUG -march=native -O2 -pipe    -o CMakeFiles/cmTC_04983.dir/kwsysPlatformTestsCXX.cxx.o -c /var/tmp/portage/dev-util/cmake-3.7.2/work/cmake-3.7.2/Source/kwsys/kwsysPlatformTestsCXX.cxx
Linking CXX executable cmTC_04983
/usr/bin/cmake -E cmake_link_script CMakeFiles/cmTC_04983.dir/link.txt --verbose=1
/usr/bin/x86_64-pc-linux-gnu-g++   -march=native -O2 -pipe   -Wl,-O1 -Wl,--as-needed  CMakeFiles/cmTC_04983.dir/kwsysPlatformTestsCXX.cxx.o  -o cmTC_04983 -rdynamic 
gmake[1]: Leaving directory '/var/tmp/portage/dev-util/cmake-3.7.2/work/cmake-3.7.2_build/Source/kwsys/CMakeFiles/CMakeTmp'


Checking for Large File Support compiled and ran with the following output:
Change Dir: /var/tmp/portage/dev-util/cmake-3.7.2/work/cmake-3.7.2_build/Source/kwsys/CMakeFiles/CMakeTmp

Run Build Command:"/usr/bin/gmake" "cmTC_dc24d/fast"
/usr/bin/gmake -f CMakeFiles/cmTC_dc24d.dir/build.make CMakeFiles/cmTC_dc24d.dir/build
gmake[1]: Entering directory '/var/tmp/portage/dev-util/cmake-3.7.2/work/cmake-3.7.2_build/Source/kwsys/CMakeFiles/CMakeTmp'
Building CXX object CMakeFiles/cmTC_dc24d.dir/kwsysPlatformTestsCXX.cxx.o
/usr/bin/x86_64-pc-linux-gnu-g++  -DKWSYS_CXX_HAS_CSTDIO=1 -DTEST_KWSYS_LFS_WORKS   -DNDEBUG -march=native -O2 -pipe    -o CMakeFiles/cmTC_dc24d.dir/kwsysPlatformTestsCXX.cxx.o -c /var/tmp/portage/dev-util/cmake-3.7.2/work/cmake-3.7.2/Source/kwsys/kwsysPlatformTestsCXX.cxx
Linking CXX executable cmTC_dc24d
/usr/bin/cmake -E cmake_link_script CMakeFiles/cmTC_dc24d.dir/link.txt --verbose=1
/usr/bin/x86_64-pc-linux-gnu-g++   -march=native -O2 -pipe   -Wl,-O1 -Wl,--as-needed  CMakeFiles/cmTC_dc24d.dir/kwsysPlatformTestsCXX.cxx.o  -o cmTC_dc24d -rdynamic 
gmake[1]: Leaving directory '/var/tmp/portage/dev-util/cmake-3.7.2/work/cmake-3.7.2_build/Source/kwsys/CMakeFiles/CMakeTmp'


Checking whether C++ compiler has 'long long' compiled with the following output:
Change Dir: /var/tmp/portage/dev-util/cmake-3.7.2/work/cmake-3.7.2_build/Source/kwsys/CMakeFiles/CMakeTmp

Run Build Command:"/usr/bin/gmake" "cmTC_23e01/fast"
/usr/bin/gmake -f CMakeFiles/cmTC_23e01.dir/build.make CMakeFiles/cmTC_23e01.dir/build
gmake[1]: Entering directory '/var/tmp/portage/dev-util/cmake-3.7.2/work/cmake-3.7.2_build/Source/kwsys/CMakeFiles/CMakeTmp'
Building CXX object CMakeFiles/cmTC_23e01.dir/kwsysPlatformTestsCXX.cxx.o
/usr/bin/x86_64-pc-linux-gnu-g++  -DTEST_KWSYS_CXX_HAS_LONG_LONG   -DNDEBUG -march=native -O2 -pipe    -o CMakeFiles/cmTC_23e01.dir/kwsysPlatformTestsCXX.cxx.o -c /var/tmp/portage/dev-util/cmake-3.7.2/work/cmake-3.7.2/Source/kwsys/kwsysPlatformTestsCXX.cxx
Linking CXX executable cmTC_23e01
/usr/bin/cmake -E cmake_link_script CMakeFiles/cmTC_23e01.dir/link.txt --verbose=1
/usr/bin/x86_64-pc-linux-gnu-g++   -march=native -O2 -pipe   -Wl,-O1 -Wl,--as-needed  CMakeFiles/cmTC_23e01.dir/kwsysPlatformTestsCXX.cxx.o  -o cmTC_23e01 -rdynamic 
gmake[1]: Leaving directory '/var/tmp/portage/dev-util/cmake-3.7.2/work/cmake-3.7.2_build/Source/kwsys/CMakeFiles/CMakeTmp'


Checking whether wstring is available compiled with the following output:
Change Dir: /var/tmp/portage/dev-util/cmake-3.7.2/work/cmake-3.7.2_build/Source/kwsys/CMakeFiles/CMakeTmp

Run Build Command:"/usr/bin/gmake" "cmTC_a563b/fast"
/usr/bin/gmake -f CMakeFiles/cmTC_a563b.dir/build.make CMakeFiles/cmTC_a563b.dir/build
gmake[1]: Entering directory '/var/tmp/portage/dev-util/cmake-3.7.2/work/cmake-3.7.2_build/Source/kwsys/CMakeFiles/CMakeTmp'
Building CXX object CMakeFiles/cmTC_a563b.dir/kwsysPlatformTestsCXX.cxx.o
/usr/bin/x86_64-pc-linux-gnu-g++  -DTEST_KWSYS_STL_HAS_WSTRING   -DNDEBUG -march=native -O2 -pipe    -o CMakeFiles/cmTC_a563b.dir/kwsysPlatformTestsCXX.cxx.o -c /var/tmp/portage/dev-util/cmake-3.7.2/work/cmake-3.7.2/Source/kwsys/kwsysPlatformTestsCXX.cxx
Linking CXX executable cmTC_a563b
/usr/bin/cmake -E cmake_link_script CMakeFiles/cmTC_a563b.dir/link.txt --verbose=1
/usr/bin/x86_64-pc-linux-gnu-g++   -march=native -O2 -pipe   -Wl,-O1 -Wl,--as-needed  CMakeFiles/cmTC_a563b.dir/kwsysPlatformTestsCXX.cxx.o  -o cmTC_a563b -rdynamic 
gmake[1]: Leaving directory '/var/tmp/portage/dev-util/cmake-3.7.2/work/cmake-3.7.2_build/Source/kwsys/CMakeFiles/CMakeTmp'


Checking if istream supports long long compiled with the following output:
Change Dir: /var/tmp/portage/dev-util/cmake-3.7.2/work/cmake-3.7.2_build/Source/kwsys/CMakeFiles/CMakeTmp

Run Build Command:"/usr/bin/gmake" "cmTC_c6531/fast"
/usr/bin/gmake -f CMakeFiles/cmTC_c6531.dir/build.make CMakeFiles/cmTC_c6531.dir/build
gmake[1]: Entering directory '/var/tmp/portage/dev-util/cmake-3.7.2/work/cmake-3.7.2_build/Source/kwsys/CMakeFiles/CMakeTmp'
Building CXX object CMakeFiles/cmTC_c6531.dir/kwsysPlatformTestsCXX.cxx.o
/usr/bin/x86_64-pc-linux-gnu-g++  -DTEST_KWSYS_IOS_HAS_ISTREAM_LONG_LONG   -DNDEBUG -march=native -O2 -pipe    -o CMakeFiles/cmTC_c6531.dir/kwsysPlatformTestsCXX.cxx.o -c /var/tmp/portage/dev-util/cmake-3.7.2/work/cmake-3.7.2/Source/kwsys/kwsysPlatformTestsCXX.cxx
Linking CXX executable cmTC_c6531
/usr/bin/cmake -E cmake_link_script CMakeFiles/cmTC_c6531.dir/link.txt --verbose=1
/usr/bin/x86_64-pc-linux-gnu-g++   -march=native -O2 -pipe   -Wl,-O1 -Wl,--as-needed  CMakeFiles/cmTC_c6531.dir/kwsysPlatformTestsCXX.cxx.o  -o cmTC_c6531 -rdynamic 
gmake[1]: Leaving directory '/var/tmp/portage/dev-util/cmake-3.7.2/work/cmake-3.7.2_build/Source/kwsys/CMakeFiles/CMakeTmp'


Checking if ostream supports long long compiled with the following output:
Change Dir: /var/tmp/portage/dev-util/cmake-3.7.2/work/cmake-3.7.2_build/Source/kwsys/CMakeFiles/CMakeTmp

Run Build Command:"/usr/bin/gmake" "cmTC_28e2a/fast"
/usr/bin/gmake -f CMakeFiles/cmTC_28e2a.dir/build.make CMakeFiles/cmTC_28e2a.dir/build
gmake[1]: Entering directory '/var/tmp/portage/dev-util/cmake-3.7.2/work/cmake-3.7.2_build/Source/kwsys/CMakeFiles/CMakeTmp'
Building CXX object CMakeFiles/cmTC_28e2a.dir/kwsysPlatformTestsCXX.cxx.o
/usr/bin/x86_64-pc-linux-gnu-g++  -DTEST_KWSYS_IOS_HAS_OSTREAM_LONG_LONG   -DNDEBUG -march=native -O2 -pipe    -o CMakeFiles/cmTC_28e2a.dir/kwsysPlatformTestsCXX.cxx.o -c /var/tmp/portage/dev-util/cmake-3.7.2/work/cmake-3.7.2/Source/kwsys/kwsysPlatformTestsCXX.cxx
Linking CXX executable cmTC_28e2a
/usr/bin/cmake -E cmake_link_script CMakeFiles/cmTC_28e2a.dir/link.txt --verbose=1
/usr/bin/x86_64-pc-linux-gnu-g++   -march=native -O2 -pipe   -Wl,-O1 -Wl,--as-needed  CMakeFiles/cmTC_28e2a.dir/kwsysPlatformTestsCXX.cxx.o  -o cmTC_28e2a -rdynamic 
gmake[1]: Leaving directory '/var/tmp/portage/dev-util/cmake-3.7.2/work/cmake-3.7.2_build/Source/kwsys/CMakeFiles/CMakeTmp'


Checking whether C compiler has ptrdiff_t in stddef.h compiled with the following output:
Change Dir: /var/tmp/portage/dev-util/cmake-3.7.2/work/cmake-3.7.2_build/Source/kwsys/CMakeFiles/CMakeTmp

Run Build Command:"/usr/bin/gmake" "cmTC_62b72/fast"
/usr/bin/gmake -f CMakeFiles/cmTC_62b72.dir/build.make CMakeFiles/cmTC_62b72.dir/build
gmake[1]: Entering directory '/var/tmp/portage/dev-util/cmake-3.7.2/work/cmake-3.7.2_build/Source/kwsys/CMakeFiles/CMakeTmp'
Building C object CMakeFiles/cmTC_62b72.dir/kwsysPlatformTestsC.c.o
/usr/bin/x86_64-pc-linux-gnu-gcc  -DTEST_KWSYS_C_HAS_PTRDIFF_T   -DNDEBUG -march=native -O2 -pipe    -o CMakeFiles/cmTC_62b72.dir/kwsysPlatformTestsC.c.o -c /var/tmp/portage/dev-util/cmake-3.7.2/work/cmake-3.7.2/Source/kwsys/kwsysPlatformTestsC.c
Linking C executable cmTC_62b72
/usr/bin/cmake -E cmake_link_script CMakeFiles/cmTC_62b72.dir/link.txt --verbose=1
/usr/bin/x86_64-pc-linux-gnu-gcc  -march=native -O2 -pipe   -Wl,-O1 -Wl,--as-needed  CMakeFiles/cmTC_62b72.dir/kwsysPlatformTestsC.c.o  -o cmTC_62b72 -rdynamic 
gmake[1]: Leaving directory '/var/tmp/portage/dev-util/cmake-3.7.2/work/cmake-3.7.2_build/Source/kwsys/CMakeFiles/CMakeTmp'


Checking whether C compiler has ssize_t in unistd.h compiled with the following output:
Change Dir: /var/tmp/portage/dev-util/cmake-3.7.2/work/cmake-3.7.2_build/Source/kwsys/CMakeFiles/CMakeTmp

Run Build Command:"/usr/bin/gmake" "cmTC_50a69/fast"
/usr/bin/gmake -f CMakeFiles/cmTC_50a69.dir/build.make CMakeFiles/cmTC_50a69.dir/build
gmake[1]: Entering directory '/var/tmp/portage/dev-util/cmake-3.7.2/work/cmake-3.7.2_build/Source/kwsys/CMakeFiles/CMakeTmp'
Building C object CMakeFiles/cmTC_50a69.dir/kwsysPlatformTestsC.c.o
/usr/bin/x86_64-pc-linux-gnu-gcc  -DTEST_KWSYS_C_HAS_SSIZE_T   -DNDEBUG -march=native -O2 -pipe    -o CMakeFiles/cmTC_50a69.dir/kwsysPlatformTestsC.c.o -c /var/tmp/portage/dev-util/cmake-3.7.2/work/cmake-3.7.2/Source/kwsys/kwsysPlatformTestsC.c
Linking C executable cmTC_50a69
/usr/bin/cmake -E cmake_link_script CMakeFiles/cmTC_50a69.dir/link.txt --verbose=1
/usr/bin/x86_64-pc-linux-gnu-gcc  -march=native -O2 -pipe   -Wl,-O1 -Wl,--as-needed  CMakeFiles/cmTC_50a69.dir/kwsysPlatformTestsC.c.o  -o cmTC_50a69 -rdynamic 
gmake[1]: Leaving directory '/var/tmp/portage/dev-util/cmake-3.7.2/work/cmake-3.7.2_build/Source/kwsys/CMakeFiles/CMakeTmp'


Checking whether CXX compiler has setenv compiled with the following output:
Change Dir: /var/tmp/portage/dev-util/cmake-3.7.2/work/cmake-3.7.2_build/Source/kwsys/CMakeFiles/CMakeTmp

Run Build Command:"/usr/bin/gmake" "cmTC_e5600/fast"
/usr/bin/gmake -f CMakeFiles/cmTC_e5600.dir/build.make CMakeFiles/cmTC_e5600.dir/build
gmake[1]: Entering directory '/var/tmp/portage/dev-util/cmake-3.7.2/work/cmake-3.7.2_build/Source/kwsys/CMakeFiles/CMakeTmp'
Building CXX object CMakeFiles/cmTC_e5600.dir/kwsysPlatformTestsCXX.cxx.o
/usr/bin/x86_64-pc-linux-gnu-g++  -DTEST_KWSYS_CXX_HAS_SETENV   -DNDEBUG -march=native -O2 -pipe    -o CMakeFiles/cmTC_e5600.dir/kwsysPlatformTestsCXX.cxx.o -c /var/tmp/portage/dev-util/cmake-3.7.2/work/cmake-3.7.2/Source/kwsys/kwsysPlatformTestsCXX.cxx
Linking CXX executable cmTC_e5600
/usr/bin/cmake -E cmake_link_script CMakeFiles/cmTC_e5600.dir/link.txt --verbose=1
/usr/bin/x86_64-pc-linux-gnu-g++   -march=native -O2 -pipe   -Wl,-O1 -Wl,--as-needed  CMakeFiles/cmTC_e5600.dir/kwsysPlatformTestsCXX.cxx.o  -o cmTC_e5600 -rdynamic 
gmake[1]: Leaving directory '/var/tmp/portage/dev-util/cmake-3.7.2/work/cmake-3.7.2_build/Source/kwsys/CMakeFiles/CMakeTmp'


Checking whether CXX compiler has unsetenv compiled with the following output:
Change Dir: /var/tmp/portage/dev-util/cmake-3.7.2/work/cmake-3.7.2_build/Source/kwsys/CMakeFiles/CMakeTmp

Run Build Command:"/usr/bin/gmake" "cmTC_fd497/fast"
/usr/bin/gmake -f CMakeFiles/cmTC_fd497.dir/build.make CMakeFiles/cmTC_fd497.dir/build
gmake[1]: Entering directory '/var/tmp/portage/dev-util/cmake-3.7.2/work/cmake-3.7.2_build/Source/kwsys/CMakeFiles/CMakeTmp'
Building CXX object CMakeFiles/cmTC_fd497.dir/kwsysPlatformTestsCXX.cxx.o
/usr/bin/x86_64-pc-linux-gnu-g++  -DTEST_KWSYS_CXX_HAS_UNSETENV   -DNDEBUG -march=native -O2 -pipe    -o CMakeFiles/cmTC_fd497.dir/kwsysPlatformTestsCXX.cxx.o -c /var/tmp/portage/dev-util/cmake-3.7.2/work/cmake-3.7.2/Source/kwsys/kwsysPlatformTestsCXX.cxx
Linking CXX executable cmTC_fd497
/usr/bin/cmake -E cmake_link_script CMakeFiles/cmTC_fd497.dir/link.txt --verbose=1
/usr/bin/x86_64-pc-linux-gnu-g++   -march=native -O2 -pipe   -Wl,-O1 -Wl,--as-needed  CMakeFiles/cmTC_fd497.dir/kwsysPlatformTestsCXX.cxx.o  -o cmTC_fd497 -rdynamic 
gmake[1]: Leaving directory '/var/tmp/portage/dev-util/cmake-3.7.2/work/cmake-3.7.2_build/Source/kwsys/CMakeFiles/CMakeTmp'


Checking whether CXX compiler has utimes compiled with the following output:
Change Dir: /var/tmp/portage/dev-util/cmake-3.7.2/work/cmake-3.7.2_build/Source/kwsys/CMakeFiles/CMakeTmp

Run Build Command:"/usr/bin/gmake" "cmTC_13ad2/fast"
/usr/bin/gmake -f CMakeFiles/cmTC_13ad2.dir/build.make CMakeFiles/cmTC_13ad2.dir/build
gmake[1]: Entering directory '/var/tmp/portage/dev-util/cmake-3.7.2/work/cmake-3.7.2_build/Source/kwsys/CMakeFiles/CMakeTmp'
Building CXX object CMakeFiles/cmTC_13ad2.dir/kwsysPlatformTestsCXX.cxx.o
/usr/bin/x86_64-pc-linux-gnu-g++  -DTEST_KWSYS_CXX_HAS_UTIMES   -DNDEBUG -march=native -O2 -pipe    -o CMakeFiles/cmTC_13ad2.dir/kwsysPlatformTestsCXX.cxx.o -c /var/tmp/portage/dev-util/cmake-3.7.2/work/cmake-3.7.2/Source/kwsys/kwsysPlatformTestsCXX.cxx
Linking CXX executable cmTC_13ad2
/usr/bin/cmake -E cmake_link_script CMakeFiles/cmTC_13ad2.dir/link.txt --verbose=1
/usr/bin/x86_64-pc-linux-gnu-g++   -march=native -O2 -pipe   -Wl,-O1 -Wl,--as-needed  CMakeFiles/cmTC_13ad2.dir/kwsysPlatformTestsCXX.cxx.o  -o cmTC_13ad2 -rdynamic 
gmake[1]: Leaving directory '/var/tmp/portage/dev-util/cmake-3.7.2/work/cmake-3.7.2_build/Source/kwsys/CMakeFiles/CMakeTmp'


Checking whether CXX compiler has utimensat compiled with the following output:
Change Dir: /var/tmp/portage/dev-util/cmake-3.7.2/work/cmake-3.7.2_build/Source/kwsys/CMakeFiles/CMakeTmp

Run Build Command:"/usr/bin/gmake" "cmTC_74a13/fast"
/usr/bin/gmake -f CMakeFiles/cmTC_74a13.dir/build.make CMakeFiles/cmTC_74a13.dir/build
gmake[1]: Entering directory '/var/tmp/portage/dev-util/cmake-3.7.2/work/cmake-3.7.2_build/Source/kwsys/CMakeFiles/CMakeTmp'
Building CXX object CMakeFiles/cmTC_74a13.dir/kwsysPlatformTestsCXX.cxx.o
/usr/bin/x86_64-pc-linux-gnu-g++  -DTEST_KWSYS_CXX_HAS_UTIMENSAT   -DNDEBUG -march=native -O2 -pipe    -o CMakeFiles/cmTC_74a13.dir/kwsysPlatformTestsCXX.cxx.o -c /var/tmp/portage/dev-util/cmake-3.7.2/work/cmake-3.7.2/Source/kwsys/kwsysPlatformTestsCXX.cxx
Linking CXX executable cmTC_74a13
/usr/bin/cmake -E cmake_link_script CMakeFiles/cmTC_74a13.dir/link.txt --verbose=1
/usr/bin/x86_64-pc-linux-gnu-g++   -march=native -O2 -pipe   -Wl,-O1 -Wl,--as-needed  CMakeFiles/cmTC_74a13.dir/kwsysPlatformTestsCXX.cxx.o  -o cmTC_74a13 -rdynamic 
gmake[1]: Leaving directory '/var/tmp/portage/dev-util/cmake-3.7.2/work/cmake-3.7.2_build/Source/kwsys/CMakeFiles/CMakeTmp'


Checking whether CXX compiler struct stat has st_mtim member compiled with the following output:
Change Dir: /var/tmp/portage/dev-util/cmake-3.7.2/work/cmake-3.7.2_build/Source/kwsys/CMakeFiles/CMakeTmp

Run Build Command:"/usr/bin/gmake" "cmTC_5956c/fast"
/usr/bin/gmake -f CMakeFiles/cmTC_5956c.dir/build.make CMakeFiles/cmTC_5956c.dir/build
gmake[1]: Entering directory '/var/tmp/portage/dev-util/cmake-3.7.2/work/cmake-3.7.2_build/Source/kwsys/CMakeFiles/CMakeTmp'
Building CXX object CMakeFiles/cmTC_5956c.dir/kwsysPlatformTestsCXX.cxx.o
/usr/bin/x86_64-pc-linux-gnu-g++  -DTEST_KWSYS_CXX_STAT_HAS_ST_MTIM   -DNDEBUG -march=native -O2 -pipe    -o CMakeFiles/cmTC_5956c.dir/kwsysPlatformTestsCXX.cxx.o -c /var/tmp/portage/dev-util/cmake-3.7.2/work/cmake-3.7.2/Source/kwsys/kwsysPlatformTestsCXX.cxx
Linking CXX executable cmTC_5956c
/usr/bin/cmake -E cmake_link_script CMakeFiles/cmTC_5956c.dir/link.txt --verbose=1
/usr/bin/x86_64-pc-linux-gnu-g++   -march=native -O2 -pipe   -Wl,-O1 -Wl,--as-needed  CMakeFiles/cmTC_5956c.dir/kwsysPlatformTestsCXX.cxx.o  -o cmTC_5956c -rdynamic 
gmake[1]: Leaving directory '/var/tmp/portage/dev-util/cmake-3.7.2/work/cmake-3.7.2_build/Source/kwsys/CMakeFiles/CMakeTmp'


Determining if files sys/types.h;ifaddrs.h exist passed with the following output:
Change Dir: /var/tmp/portage/dev-util/cmake-3.7.2/work/cmake-3.7.2_build/CMakeFiles/CMakeTmp

Run Build Command:"/usr/bin/gmake" "cmTC_c4404/fast"
/usr/bin/gmake -f CMakeFiles/cmTC_c4404.dir/build.make CMakeFiles/cmTC_c4404.dir/build
gmake[1]: Entering directory '/var/tmp/portage/dev-util/cmake-3.7.2/work/cmake-3.7.2_build/CMakeFiles/CMakeTmp'
Building C object CMakeFiles/cmTC_c4404.dir/CheckIncludeFiles.c.o
/usr/bin/x86_64-pc-linux-gnu-gcc     -DNDEBUG -march=native -O2 -pipe    -o CMakeFiles/cmTC_c4404.dir/CheckIncludeFiles.c.o -c /var/tmp/portage/dev-util/cmake-3.7.2/work/cmake-3.7.2_build/CMakeFiles/CMakeTmp/CheckIncludeFiles.c
Linking C executable cmTC_c4404
/usr/bin/cmake -E cmake_link_script CMakeFiles/cmTC_c4404.dir/link.txt --verbose=1
/usr/bin/x86_64-pc-linux-gnu-gcc  -march=native -O2 -pipe   -Wl,-O1 -Wl,--as-needed  CMakeFiles/cmTC_c4404.dir/CheckIncludeFiles.c.o  -o cmTC_c4404 -rdynamic 
gmake[1]: Leaving directory '/var/tmp/portage/dev-util/cmake-3.7.2/work/cmake-3.7.2_build/CMakeFiles/CMakeTmp'


Checking whether CXX compiler has rlimit64 compiled with the following output:
Change Dir: /var/tmp/portage/dev-util/cmake-3.7.2/work/cmake-3.7.2_build/Source/kwsys/CMakeFiles/CMakeTmp

Run Build Command:"/usr/bin/gmake" "cmTC_42ebf/fast"
/usr/bin/gmake -f CMakeFiles/cmTC_42ebf.dir/build.make CMakeFiles/cmTC_42ebf.dir/build
gmake[1]: Entering directory '/var/tmp/portage/dev-util/cmake-3.7.2/work/cmake-3.7.2_build/Source/kwsys/CMakeFiles/CMakeTmp'
Building CXX object CMakeFiles/cmTC_42ebf.dir/kwsysPlatformTestsCXX.cxx.o
/usr/bin/x86_64-pc-linux-gnu-g++  -DKWSYS_HAS_LFS=1 -DTEST_KWSYS_CXX_HAS_RLIMIT64   -DNDEBUG -march=native -O2 -pipe    -o CMakeFiles/cmTC_42ebf.dir/kwsysPlatformTestsCXX.cxx.o -c /var/tmp/portage/dev-util/cmake-3.7.2/work/cmake-3.7.2/Source/kwsys/kwsysPlatformTestsCXX.cxx
Linking CXX executable cmTC_42ebf
/usr/bin/cmake -E cmake_link_script CMakeFiles/cmTC_42ebf.dir/link.txt --verbose=1
/usr/bin/x86_64-pc-linux-gnu-g++   -march=native -O2 -pipe   -Wl,-O1 -Wl,--as-needed  CMakeFiles/cmTC_42ebf.dir/kwsysPlatformTestsCXX.cxx.o  -o cmTC_42ebf -rdynamic 
gmake[1]: Leaving directory '/var/tmp/portage/dev-util/cmake-3.7.2/work/cmake-3.7.2_build/Source/kwsys/CMakeFiles/CMakeTmp'


Checking whether CXX compiler has atol compiled with the following output:
Change Dir: /var/tmp/portage/dev-util/cmake-3.7.2/work/cmake-3.7.2_build/Source/kwsys/CMakeFiles/CMakeTmp

Run Build Command:"/usr/bin/gmake" "cmTC_8a954/fast"
/usr/bin/gmake -f CMakeFiles/cmTC_8a954.dir/build.make CMakeFiles/cmTC_8a954.dir/build
gmake[1]: Entering directory '/var/tmp/portage/dev-util/cmake-3.7.2/work/cmake-3.7.2_build/Source/kwsys/CMakeFiles/CMakeTmp'
Building CXX object CMakeFiles/cmTC_8a954.dir/kwsysPlatformTestsCXX.cxx.o
/usr/bin/x86_64-pc-linux-gnu-g++  -DTEST_KWSYS_CXX_HAS_ATOL   -DNDEBUG -march=native -O2 -pipe    -o CMakeFiles/cmTC_8a954.dir/kwsysPlatformTestsCXX.cxx.o -c /var/tmp/portage/dev-util/cmake-3.7.2/work/cmake-3.7.2/Source/kwsys/kwsysPlatformTestsCXX.cxx
Linking CXX executable cmTC_8a954
/usr/bin/cmake -E cmake_link_script CMakeFiles/cmTC_8a954.dir/link.txt --verbose=1
/usr/bin/x86_64-pc-linux-gnu-g++   -march=native -O2 -pipe   -Wl,-O1 -Wl,--as-needed  CMakeFiles/cmTC_8a954.dir/kwsysPlatformTestsCXX.cxx.o  -o cmTC_8a954 -rdynamic 
gmake[1]: Leaving directory '/var/tmp/portage/dev-util/cmake-3.7.2/work/cmake-3.7.2_build/Source/kwsys/CMakeFiles/CMakeTmp'


Checking whether CXX compiler has atoll compiled with the following output:
Change Dir: /var/tmp/portage/dev-util/cmake-3.7.2/work/cmake-3.7.2_build/Source/kwsys/CMakeFiles/CMakeTmp

Run Build Command:"/usr/bin/gmake" "cmTC_dfd0d/fast"
/usr/bin/gmake -f CMakeFiles/cmTC_dfd0d.dir/build.make CMakeFiles/cmTC_dfd0d.dir/build
gmake[1]: Entering directory '/var/tmp/portage/dev-util/cmake-3.7.2/work/cmake-3.7.2_build/Source/kwsys/CMakeFiles/CMakeTmp'
Building CXX object CMakeFiles/cmTC_dfd0d.dir/kwsysPlatformTestsCXX.cxx.o
/usr/bin/x86_64-pc-linux-gnu-g++  -DTEST_KWSYS_CXX_HAS_ATOLL   -DNDEBUG -march=native -O2 -pipe    -o CMakeFiles/cmTC_dfd0d.dir/kwsysPlatformTestsCXX.cxx.o -c /var/tmp/portage/dev-util/cmake-3.7.2/work/cmake-3.7.2/Source/kwsys/kwsysPlatformTestsCXX.cxx
Linking CXX executable cmTC_dfd0d
/usr/bin/cmake -E cmake_link_script CMakeFiles/cmTC_dfd0d.dir/link.txt --verbose=1
/usr/bin/x86_64-pc-linux-gnu-g++   -march=native -O2 -pipe   -Wl,-O1 -Wl,--as-needed  CMakeFiles/cmTC_dfd0d.dir/kwsysPlatformTestsCXX.cxx.o  -o cmTC_dfd0d -rdynamic 
gmake[1]: Leaving directory '/var/tmp/portage/dev-util/cmake-3.7.2/work/cmake-3.7.2_build/Source/kwsys/CMakeFiles/CMakeTmp'


Determining if the include file execinfo.h exists passed with the following output:
Change Dir: /var/tmp/portage/dev-util/cmake-3.7.2/work/cmake-3.7.2_build/CMakeFiles/CMakeTmp

Run Build Command:"/usr/bin/gmake" "cmTC_4e8a7/fast"
/usr/bin/gmake -f CMakeFiles/cmTC_4e8a7.dir/build.make CMakeFiles/cmTC_4e8a7.dir/build
gmake[1]: Entering directory '/var/tmp/portage/dev-util/cmake-3.7.2/work/cmake-3.7.2_build/CMakeFiles/CMakeTmp'
Building CXX object CMakeFiles/cmTC_4e8a7.dir/CheckIncludeFile.cxx.o
/usr/bin/x86_64-pc-linux-gnu-g++     -DNDEBUG -march=native -O2 -pipe    -o CMakeFiles/cmTC_4e8a7.dir/CheckIncludeFile.cxx.o -c /var/tmp/portage/dev-util/cmake-3.7.2/work/cmake-3.7.2_build/CMakeFiles/CMakeTmp/CheckIncludeFile.cxx
Linking CXX executable cmTC_4e8a7
/usr/bin/cmake -E cmake_link_script CMakeFiles/cmTC_4e8a7.dir/link.txt --verbose=1
/usr/bin/x86_64-pc-linux-gnu-g++   -march=native -O2 -pipe   -Wl,-O1 -Wl,--as-needed  CMakeFiles/cmTC_4e8a7.dir/CheckIncludeFile.cxx.o  -o cmTC_4e8a7 -rdynamic 
gmake[1]: Leaving directory '/var/tmp/portage/dev-util/cmake-3.7.2/work/cmake-3.7.2_build/CMakeFiles/CMakeTmp'


Checking whether backtrace works with this C++ compiler compiled with the following output:
Change Dir: /var/tmp/portage/dev-util/cmake-3.7.2/work/cmake-3.7.2_build/Source/kwsys/CMakeFiles/CMakeTmp

Run Build Command:"/usr/bin/gmake" "cmTC_34f4a/fast"
/usr/bin/gmake -f CMakeFiles/cmTC_34f4a.dir/build.make CMakeFiles/cmTC_34f4a.dir/build
gmake[1]: Entering directory '/var/tmp/portage/dev-util/cmake-3.7.2/work/cmake-3.7.2_build/Source/kwsys/CMakeFiles/CMakeTmp'
Building CXX object CMakeFiles/cmTC_34f4a.dir/kwsysPlatformTestsCXX.cxx.o
/usr/bin/x86_64-pc-linux-gnu-g++  -DTEST_KWSYS_CXX_HAS_BACKTRACE   -DNDEBUG -march=native -O2 -pipe    -o CMakeFiles/cmTC_34f4a.dir/kwsysPlatformTestsCXX.cxx.o -c /var/tmp/portage/dev-util/cmake-3.7.2/work/cmake-3.7.2/Source/kwsys/kwsysPlatformTestsCXX.cxx
Linking CXX executable cmTC_34f4a
/usr/bin/cmake -E cmake_link_script CMakeFiles/cmTC_34f4a.dir/link.txt --verbose=1
/usr/bin/x86_64-pc-linux-gnu-g++   -march=native -O2 -pipe   -Wl,-O1 -Wl,--as-needed  CMakeFiles/cmTC_34f4a.dir/kwsysPlatformTestsCXX.cxx.o  -o cmTC_34f4a -rdynamic 
gmake[1]: Leaving directory '/var/tmp/portage/dev-util/cmake-3.7.2/work/cmake-3.7.2_build/Source/kwsys/CMakeFiles/CMakeTmp'


Determining if the include file dlfcn.h exists passed with the following output:
Change Dir: /var/tmp/portage/dev-util/cmake-3.7.2/work/cmake-3.7.2_build/CMakeFiles/CMakeTmp

Run Build Command:"/usr/bin/gmake" "cmTC_a421f/fast"
/usr/bin/gmake -f CMakeFiles/cmTC_a421f.dir/build.make CMakeFiles/cmTC_a421f.dir/build
gmake[1]: Entering directory '/var/tmp/portage/dev-util/cmake-3.7.2/work/cmake-3.7.2_build/CMakeFiles/CMakeTmp'
Building CXX object CMakeFiles/cmTC_a421f.dir/CheckIncludeFile.cxx.o
/usr/bin/x86_64-pc-linux-gnu-g++     -DNDEBUG -march=native -O2 -pipe    -o CMakeFiles/cmTC_a421f.dir/CheckIncludeFile.cxx.o -c /var/tmp/portage/dev-util/cmake-3.7.2/work/cmake-3.7.2_build/CMakeFiles/CMakeTmp/CheckIncludeFile.cxx
Linking CXX executable cmTC_a421f
/usr/bin/cmake -E cmake_link_script CMakeFiles/cmTC_a421f.dir/link.txt --verbose=1
/usr/bin/x86_64-pc-linux-gnu-g++   -march=native -O2 -pipe   -Wl,-O1 -Wl,--as-needed  CMakeFiles/cmTC_a421f.dir/CheckIncludeFile.cxx.o  -o cmTC_a421f -rdynamic 
gmake[1]: Leaving directory '/var/tmp/portage/dev-util/cmake-3.7.2/work/cmake-3.7.2_build/CMakeFiles/CMakeTmp'


Checking whether dladdr works with this C++ compiler compiled with the following output:
Change Dir: /var/tmp/portage/dev-util/cmake-3.7.2/work/cmake-3.7.2_build/Source/kwsys/CMakeFiles/CMakeTmp

Run Build Command:"/usr/bin/gmake" "cmTC_535e2/fast"
/usr/bin/gmake -f CMakeFiles/cmTC_535e2.dir/build.make CMakeFiles/cmTC_535e2.dir/build
gmake[1]: Entering directory '/var/tmp/portage/dev-util/cmake-3.7.2/work/cmake-3.7.2_build/Source/kwsys/CMakeFiles/CMakeTmp'
Building CXX object CMakeFiles/cmTC_535e2.dir/kwsysPlatformTestsCXX.cxx.o
/usr/bin/x86_64-pc-linux-gnu-g++  -DTEST_KWSYS_CXX_HAS_DLADDR   -DNDEBUG -march=native -O2 -pipe    -o CMakeFiles/cmTC_535e2.dir/kwsysPlatformTestsCXX.cxx.o -c /var/tmp/portage/dev-util/cmake-3.7.2/work/cmake-3.7.2/Source/kwsys/kwsysPlatformTestsCXX.cxx
Linking CXX executable cmTC_535e2
/usr/bin/cmake -E cmake_link_script CMakeFiles/cmTC_535e2.dir/link.txt --verbose=1
/usr/bin/x86_64-pc-linux-gnu-g++   -march=native -O2 -pipe   -Wl,-O1 -Wl,--as-needed  CMakeFiles/cmTC_535e2.dir/kwsysPlatformTestsCXX.cxx.o  -o cmTC_535e2 -rdynamic -ldl 
gmake[1]: Leaving directory '/var/tmp/portage/dev-util/cmake-3.7.2/work/cmake-3.7.2_build/Source/kwsys/CMakeFiles/CMakeTmp'


Determining if the include file cxxabi.h exists passed with the following output:
Change Dir: /var/tmp/portage/dev-util/cmake-3.7.2/work/cmake-3.7.2_build/CMakeFiles/CMakeTmp

Run Build Command:"/usr/bin/gmake" "cmTC_89b8d/fast"
/usr/bin/gmake -f CMakeFiles/cmTC_89b8d.dir/build.make CMakeFiles/cmTC_89b8d.dir/build
gmake[1]: Entering directory '/var/tmp/portage/dev-util/cmake-3.7.2/work/cmake-3.7.2_build/CMakeFiles/CMakeTmp'
Building CXX object CMakeFiles/cmTC_89b8d.dir/CheckIncludeFile.cxx.o
/usr/bin/x86_64-pc-linux-gnu-g++     -DNDEBUG -march=native -O2 -pipe    -o CMakeFiles/cmTC_89b8d.dir/CheckIncludeFile.cxx.o -c /var/tmp/portage/dev-util/cmake-3.7.2/work/cmake-3.7.2_build/CMakeFiles/CMakeTmp/CheckIncludeFile.cxx
Linking CXX executable cmTC_89b8d
/usr/bin/cmake -E cmake_link_script CMakeFiles/cmTC_89b8d.dir/link.txt --verbose=1
/usr/bin/x86_64-pc-linux-gnu-g++   -march=native -O2 -pipe   -Wl,-O1 -Wl,--as-needed  CMakeFiles/cmTC_89b8d.dir/CheckIncludeFile.cxx.o  -o cmTC_89b8d -rdynamic 
gmake[1]: Leaving directory '/var/tmp/portage/dev-util/cmake-3.7.2/work/cmake-3.7.2_build/CMakeFiles/CMakeTmp'


Checking whether cxxabi works with this C++ compiler compiled with the following output:
Change Dir: /var/tmp/portage/dev-util/cmake-3.7.2/work/cmake-3.7.2_build/Source/kwsys/CMakeFiles/CMakeTmp

Run Build Command:"/usr/bin/gmake" "cmTC_07be1/fast"
/usr/bin/gmake -f CMakeFiles/cmTC_07be1.dir/build.make CMakeFiles/cmTC_07be1.dir/build
gmake[1]: Entering directory '/var/tmp/portage/dev-util/cmake-3.7.2/work/cmake-3.7.2_build/Source/kwsys/CMakeFiles/CMakeTmp'
Building CXX object CMakeFiles/cmTC_07be1.dir/kwsysPlatformTestsCXX.cxx.o
/usr/bin/x86_64-pc-linux-gnu-g++  -DTEST_KWSYS_CXX_HAS_CXXABI   -DNDEBUG -march=native -O2 -pipe    -o CMakeFiles/cmTC_07be1.dir/kwsysPlatformTestsCXX.cxx.o -c /var/tmp/portage/dev-util/cmake-3.7.2/work/cmake-3.7.2/Source/kwsys/kwsysPlatformTestsCXX.cxx
Linking CXX executable cmTC_07be1
/usr/bin/cmake -E cmake_link_script CMakeFiles/cmTC_07be1.dir/link.txt --verbose=1
/usr/bin/x86_64-pc-linux-gnu-g++   -march=native -O2 -pipe   -Wl,-O1 -Wl,--as-needed  CMakeFiles/cmTC_07be1.dir/kwsysPlatformTestsCXX.cxx.o  -o cmTC_07be1 -rdynamic 
gmake[1]: Leaving directory '/var/tmp/portage/dev-util/cmake-3.7.2/work/cmake-3.7.2_build/Source/kwsys/CMakeFiles/CMakeTmp'


Checking whether CXX compiler has getloadavg compiled with the following output:
Change Dir: /var/tmp/portage/dev-util/cmake-3.7.2/work/cmake-3.7.2_build/Source/kwsys/CMakeFiles/CMakeTmp

Run Build Command:"/usr/bin/gmake" "cmTC_7ce83/fast"
/usr/bin/gmake -f CMakeFiles/cmTC_7ce83.dir/build.make CMakeFiles/cmTC_7ce83.dir/build
gmake[1]: Entering directory '/var/tmp/portage/dev-util/cmake-3.7.2/work/cmake-3.7.2_build/Source/kwsys/CMakeFiles/CMakeTmp'
Building CXX object CMakeFiles/cmTC_7ce83.dir/kwsysPlatformTestsCXX.cxx.o
/usr/bin/x86_64-pc-linux-gnu-g++  -DTEST_KWSYS_CXX_HAS_GETLOADAVG   -DNDEBUG -march=native -O2 -pipe    -o CMakeFiles/cmTC_7ce83.dir/kwsysPlatformTestsCXX.cxx.o -c /var/tmp/portage/dev-util/cmake-3.7.2/work/cmake-3.7.2/Source/kwsys/kwsysPlatformTestsCXX.cxx
Linking CXX executable cmTC_7ce83
/usr/bin/cmake -E cmake_link_script CMakeFiles/cmTC_7ce83.dir/link.txt --verbose=1
/usr/bin/x86_64-pc-linux-gnu-g++   -march=native -O2 -pipe   -Wl,-O1 -Wl,--as-needed  CMakeFiles/cmTC_7ce83.dir/kwsysPlatformTestsCXX.cxx.o  -o cmTC_7ce83 -rdynamic 
gmake[1]: Leaving directory '/var/tmp/portage/dev-util/cmake-3.7.2/work/cmake-3.7.2_build/Source/kwsys/CMakeFiles/CMakeTmp'


Checking whether <ext/stdio_filebuf.h> is available compiled with the following output:
Change Dir: /var/tmp/portage/dev-util/cmake-3.7.2/work/cmake-3.7.2_build/Source/kwsys/CMakeFiles/CMakeTmp

Run Build Command:"/usr/bin/gmake" "cmTC_8d2c0/fast"
/usr/bin/gmake -f CMakeFiles/cmTC_8d2c0.dir/build.make CMakeFiles/cmTC_8d2c0.dir/build
gmake[1]: Entering directory '/var/tmp/portage/dev-util/cmake-3.7.2/work/cmake-3.7.2_build/Source/kwsys/CMakeFiles/CMakeTmp'
Building CXX object CMakeFiles/cmTC_8d2c0.dir/kwsysPlatformTestsCXX.cxx.o
/usr/bin/x86_64-pc-linux-gnu-g++  -DTEST_KWSYS_CXX_HAS_EXT_STDIO_FILEBUF_H   -DNDEBUG -march=native -O2 -pipe    -o CMakeFiles/cmTC_8d2c0.dir/kwsysPlatformTestsCXX.cxx.o -c /var/tmp/portage/dev-util/cmake-3.7.2/work/cmake-3.7.2/Source/kwsys/kwsysPlatformTestsCXX.cxx
Linking CXX executable cmTC_8d2c0
/usr/bin/cmake -E cmake_link_script CMakeFiles/cmTC_8d2c0.dir/link.txt --verbose=1
/usr/bin/x86_64-pc-linux-gnu-g++   -march=native -O2 -pipe   -Wl,-O1 -Wl,--as-needed  CMakeFiles/cmTC_8d2c0.dir/kwsysPlatformTestsCXX.cxx.o  -o cmTC_8d2c0 -rdynamic 
gmake[1]: Leaving directory '/var/tmp/portage/dev-util/cmake-3.7.2/work/cmake-3.7.2_build/Source/kwsys/CMakeFiles/CMakeTmp'


Determining if the BZ2_bzCompressInit exist passed with the following output:
Change Dir: /var/tmp/portage/dev-util/cmake-3.7.2/work/cmake-3.7.2_build/CMakeFiles/CMakeTmp

Run Build Command:"/usr/bin/gmake" "cmTC_51053/fast"
/usr/bin/gmake -f CMakeFiles/cmTC_51053.dir/build.make CMakeFiles/cmTC_51053.dir/build
gmake[1]: Entering directory '/var/tmp/portage/dev-util/cmake-3.7.2/work/cmake-3.7.2_build/CMakeFiles/CMakeTmp'
Building C object CMakeFiles/cmTC_51053.dir/CheckSymbolExists.c.o
/usr/bin/x86_64-pc-linux-gnu-gcc     -DNDEBUG -march=native -O2 -pipe    -o CMakeFiles/cmTC_51053.dir/CheckSymbolExists.c.o -c /var/tmp/portage/dev-util/cmake-3.7.2/work/cmake-3.7.2_build/CMakeFiles/CMakeTmp/CheckSymbolExists.c
Linking C executable cmTC_51053
/usr/bin/cmake -E cmake_link_script CMakeFiles/cmTC_51053.dir/link.txt --verbose=1
/usr/bin/x86_64-pc-linux-gnu-gcc  -march=native -O2 -pipe   -Wl,-O1 -Wl,--as-needed  CMakeFiles/cmTC_51053.dir/CheckSymbolExists.c.o  -o cmTC_51053 -rdynamic -lbz2 
gmake[1]: Leaving directory '/var/tmp/portage/dev-util/cmake-3.7.2/work/cmake-3.7.2_build/CMakeFiles/CMakeTmp'

File /var/tmp/portage/dev-util/cmake-3.7.2/work/cmake-3.7.2_build/CMakeFiles/CMakeTmp/CheckSymbolExists.c:
/* */
#include <bzlib.h>

int main(int argc, char** argv)
{
  (void)argv;
#ifndef BZ2_bzCompressInit
  return ((int*)(&BZ2_bzCompressInit))[argc];
#else
  (void)argc;
  return 0;
#endif
}

Determining if the function lzma_auto_decoder exists in the /usr/lib64/liblzma.so passed with the following output:
Change Dir: /var/tmp/portage/dev-util/cmake-3.7.2/work/cmake-3.7.2_build/CMakeFiles/CMakeTmp

Run Build Command:"/usr/bin/gmake" "cmTC_b2b52/fast"
/usr/bin/gmake -f CMakeFiles/cmTC_b2b52.dir/build.make CMakeFiles/cmTC_b2b52.dir/build
gmake[1]: Entering directory '/var/tmp/portage/dev-util/cmake-3.7.2/work/cmake-3.7.2_build/CMakeFiles/CMakeTmp'
Building C object CMakeFiles/cmTC_b2b52.dir/CheckFunctionExists.c.o
/usr/bin/x86_64-pc-linux-gnu-gcc     -DNDEBUG -march=native -O2 -pipe -DCHECK_FUNCTION_EXISTS=lzma_auto_decoder   -o CMakeFiles/cmTC_b2b52.dir/CheckFunctionExists.c.o -c /usr/share/cmake/Modules/CheckFunctionExists.c
Linking C executable cmTC_b2b52
/usr/bin/cmake -E cmake_link_script CMakeFiles/cmTC_b2b52.dir/link.txt --verbose=1
/usr/bin/x86_64-pc-linux-gnu-gcc  -march=native -O2 -pipe -DCHECK_FUNCTION_EXISTS=lzma_auto_decoder  -Wl,-O1 -Wl,--as-needed  CMakeFiles/cmTC_b2b52.dir/CheckFunctionExists.c.o  -o cmTC_b2b52 -rdynamic -llzma 
gmake[1]: Leaving directory '/var/tmp/portage/dev-util/cmake-3.7.2/work/cmake-3.7.2_build/CMakeFiles/CMakeTmp'


Determining if the function lzma_easy_encoder exists in the /usr/lib64/liblzma.so passed with the following output:
Change Dir: /var/tmp/portage/dev-util/cmake-3.7.2/work/cmake-3.7.2_build/CMakeFiles/CMakeTmp

Run Build Command:"/usr/bin/gmake" "cmTC_0d794/fast"
/usr/bin/gmake -f CMakeFiles/cmTC_0d794.dir/build.make CMakeFiles/cmTC_0d794.dir/build
gmake[1]: Entering directory '/var/tmp/portage/dev-util/cmake-3.7.2/work/cmake-3.7.2_build/CMakeFiles/CMakeTmp'
Building C object CMakeFiles/cmTC_0d794.dir/CheckFunctionExists.c.o
/usr/bin/x86_64-pc-linux-gnu-gcc     -DNDEBUG -march=native -O2 -pipe -DCHECK_FUNCTION_EXISTS=lzma_easy_encoder   -o CMakeFiles/cmTC_0d794.dir/CheckFunctionExists.c.o -c /usr/share/cmake/Modules/CheckFunctionExists.c
Linking C executable cmTC_0d794
/usr/bin/cmake -E cmake_link_script CMakeFiles/cmTC_0d794.dir/link.txt --verbose=1
/usr/bin/x86_64-pc-linux-gnu-gcc  -march=native -O2 -pipe -DCHECK_FUNCTION_EXISTS=lzma_easy_encoder  -Wl,-O1 -Wl,--as-needed  CMakeFiles/cmTC_0d794.dir/CheckFunctionExists.c.o  -o cmTC_0d794 -rdynamic -llzma 
gmake[1]: Leaving directory '/var/tmp/portage/dev-util/cmake-3.7.2/work/cmake-3.7.2_build/CMakeFiles/CMakeTmp'


Determining if the function lzma_lzma_preset exists in the /usr/lib64/liblzma.so passed with the following output:
Change Dir: /var/tmp/portage/dev-util/cmake-3.7.2/work/cmake-3.7.2_build/CMakeFiles/CMakeTmp

Run Build Command:"/usr/bin/gmake" "cmTC_62fef/fast"
/usr/bin/gmake -f CMakeFiles/cmTC_62fef.dir/build.make CMakeFiles/cmTC_62fef.dir/build
gmake[1]: Entering directory '/var/tmp/portage/dev-util/cmake-3.7.2/work/cmake-3.7.2_build/CMakeFiles/CMakeTmp'
Building C object CMakeFiles/cmTC_62fef.dir/CheckFunctionExists.c.o
/usr/bin/x86_64-pc-linux-gnu-gcc     -DNDEBUG -march=native -O2 -pipe -DCHECK_FUNCTION_EXISTS=lzma_lzma_preset   -o CMakeFiles/cmTC_62fef.dir/CheckFunctionExists.c.o -c /usr/share/cmake/Modules/CheckFunctionExists.c
Linking C executable cmTC_62fef
/usr/bin/cmake -E cmake_link_script CMakeFiles/cmTC_62fef.dir/link.txt --verbose=1
/usr/bin/x86_64-pc-linux-gnu-gcc  -march=native -O2 -pipe -DCHECK_FUNCTION_EXISTS=lzma_lzma_preset  -Wl,-O1 -Wl,--as-needed  CMakeFiles/cmTC_62fef.dir/CheckFunctionExists.c.o  -o cmTC_62fef -rdynamic -llzma 
gmake[1]: Leaving directory '/var/tmp/portage/dev-util/cmake-3.7.2/work/cmake-3.7.2_build/CMakeFiles/CMakeTmp'


Determining if the function wsyncup exists in the /usr/lib64/libcurses.so passed with the following output:
Change Dir: /var/tmp/portage/dev-util/cmake-3.7.2/work/cmake-3.7.2_build/CMakeFiles/CMakeTmp

Run Build Command:"/usr/bin/gmake" "cmTC_1deb4/fast"
/usr/bin/gmake -f CMakeFiles/cmTC_1deb4.dir/build.make CMakeFiles/cmTC_1deb4.dir/build
gmake[1]: Entering directory '/var/tmp/portage/dev-util/cmake-3.7.2/work/cmake-3.7.2_build/CMakeFiles/CMakeTmp'
Building C object CMakeFiles/cmTC_1deb4.dir/CheckFunctionExists.c.o
/usr/bin/x86_64-pc-linux-gnu-gcc     -DNDEBUG -march=native -O2 -pipe -DCHECK_FUNCTION_EXISTS=wsyncup   -o CMakeFiles/cmTC_1deb4.dir/CheckFunctionExists.c.o -c /usr/share/cmake/Modules/CheckFunctionExists.c
Linking C executable cmTC_1deb4
/usr/bin/cmake -E cmake_link_script CMakeFiles/cmTC_1deb4.dir/link.txt --verbose=1
/usr/bin/x86_64-pc-linux-gnu-gcc  -march=native -O2 -pipe -DCHECK_FUNCTION_EXISTS=wsyncup  -Wl,-O1 -Wl,--as-needed  CMakeFiles/cmTC_1deb4.dir/CheckFunctionExists.c.o  -o cmTC_1deb4 -rdynamic -lcurses 
gmake[1]: Leaving directory '/var/tmp/portage/dev-util/cmake-3.7.2/work/cmake-3.7.2_build/CMakeFiles/CMakeTmp'


Determining if the function cbreak exists in the /usr/lib64/libncurses.so passed with the following output:
Change Dir: /var/tmp/portage/dev-util/cmake-3.7.2/work/cmake-3.7.2_build/CMakeFiles/CMakeTmp

Run Build Command:"/usr/bin/gmake" "cmTC_6bd37/fast"
/usr/bin/gmake -f CMakeFiles/cmTC_6bd37.dir/build.make CMakeFiles/cmTC_6bd37.dir/build
gmake[1]: Entering directory '/var/tmp/portage/dev-util/cmake-3.7.2/work/cmake-3.7.2_build/CMakeFiles/CMakeTmp'
Building C object CMakeFiles/cmTC_6bd37.dir/CheckFunctionExists.c.o
/usr/bin/x86_64-pc-linux-gnu-gcc     -DNDEBUG -march=native -O2 -pipe -DCHECK_FUNCTION_EXISTS=cbreak   -o CMakeFiles/cmTC_6bd37.dir/CheckFunctionExists.c.o -c /usr/share/cmake/Modules/CheckFunctionExists.c
Linking C executable cmTC_6bd37
/usr/bin/cmake -E cmake_link_script CMakeFiles/cmTC_6bd37.dir/link.txt --verbose=1
/usr/bin/x86_64-pc-linux-gnu-gcc  -march=native -O2 -pipe -DCHECK_FUNCTION_EXISTS=cbreak  -Wl,-O1 -Wl,--as-needed  CMakeFiles/cmTC_6bd37.dir/CheckFunctionExists.c.o  -o cmTC_6bd37 -rdynamic -lncurses 
gmake[1]: Leaving directory '/var/tmp/portage/dev-util/cmake-3.7.2/work/cmake-3.7.2_build/CMakeFiles/CMakeTmp'


Determining if the include file elf.h exists passed with the following output:
Change Dir: /var/tmp/portage/dev-util/cmake-3.7.2/work/cmake-3.7.2_build/CMakeFiles/CMakeTmp

Run Build Command:"/usr/bin/gmake" "cmTC_24f9f/fast"
/usr/bin/gmake -f CMakeFiles/cmTC_24f9f.dir/build.make CMakeFiles/cmTC_24f9f.dir/build
gmake[1]: Entering directory '/var/tmp/portage/dev-util/cmake-3.7.2/work/cmake-3.7.2_build/CMakeFiles/CMakeTmp'
Building C object CMakeFiles/cmTC_24f9f.dir/CheckIncludeFile.c.o
/usr/bin/x86_64-pc-linux-gnu-gcc     -DNDEBUG -march=native -O2 -pipe    -o CMakeFiles/cmTC_24f9f.dir/CheckIncludeFile.c.o -c /var/tmp/portage/dev-util/cmake-3.7.2/work/cmake-3.7.2_build/CMakeFiles/CMakeTmp/CheckIncludeFile.c
Linking C executable cmTC_24f9f
/usr/bin/cmake -E cmake_link_script CMakeFiles/cmTC_24f9f.dir/link.txt --verbose=1
/usr/bin/x86_64-pc-linux-gnu-gcc  -march=native -O2 -pipe   -Wl,-O1 -Wl,--as-needed  CMakeFiles/cmTC_24f9f.dir/CheckIncludeFile.c.o  -o cmTC_24f9f -rdynamic 
gmake[1]: Leaving directory '/var/tmp/portage/dev-util/cmake-3.7.2/work/cmake-3.7.2_build/CMakeFiles/CMakeTmp'


Determining if the Q_WS_X11 exist passed with the following output:
Change Dir: /var/tmp/portage/dev-util/cmake-3.7.2/work/cmake-3.7.2_build/CMakeFiles/CMakeTmp

Run Build Command:"/usr/bin/gmake" "cmTC_cb5fa/fast"
/usr/bin/gmake -f CMakeFiles/cmTC_cb5fa.dir/build.make CMakeFiles/cmTC_cb5fa.dir/build
gmake[1]: Entering directory '/var/tmp/portage/dev-util/cmake-3.7.2/work/cmake-3.7.2_build/CMakeFiles/CMakeTmp'
Building CXX object CMakeFiles/cmTC_cb5fa.dir/CheckSymbolExists.cxx.o
/usr/bin/x86_64-pc-linux-gnu-g++   -I/usr/include/qt4   -DNDEBUG -march=native -O2 -pipe    -o CMakeFiles/cmTC_cb5fa.dir/CheckSymbolExists.cxx.o -c /var/tmp/portage/dev-util/cmake-3.7.2/work/cmake-3.7.2_build/CMakeFiles/CMakeTmp/CheckSymbolExists.cxx
Linking CXX executable cmTC_cb5fa
/usr/bin/cmake -E cmake_link_script CMakeFiles/cmTC_cb5fa.dir/link.txt --verbose=1
/usr/bin/x86_64-pc-linux-gnu-g++   -march=native -O2 -pipe   -Wl,-O1 -Wl,--as-needed  CMakeFiles/cmTC_cb5fa.dir/CheckSymbolExists.cxx.o  -o cmTC_cb5fa -rdynamic 
gmake[1]: Leaving directory '/var/tmp/portage/dev-util/cmake-3.7.2/work/cmake-3.7.2_build/CMakeFiles/CMakeTmp'

File /var/tmp/portage/dev-util/cmake-3.7.2/work/cmake-3.7.2_build/CMakeFiles/CMakeTmp/CheckSymbolExists.cxx:
/* */
#include <QtCore/qglobal.h>

int main(int argc, char** argv)
{
  (void)argv;
#ifndef Q_WS_X11
  return ((int*)(&Q_WS_X11))[argc];
#else
  (void)argc;
  return 0;
#endif
}

Performing C++ SOURCE FILE Test QT4_WORKS succeeded with the following output:
Change Dir: /var/tmp/portage/dev-util/cmake-3.7.2/work/cmake-3.7.2_build/CMakeFiles/CMakeTmp

Run Build Command:"/usr/bin/gmake" "cmTC_9cfd5/fast"
/usr/bin/gmake -f CMakeFiles/cmTC_9cfd5.dir/build.make CMakeFiles/cmTC_9cfd5.dir/build
gmake[1]: Entering directory '/var/tmp/portage/dev-util/cmake-3.7.2/work/cmake-3.7.2_build/CMakeFiles/CMakeTmp'
Building CXX object CMakeFiles/cmTC_9cfd5.dir/src.cxx.o
/usr/bin/x86_64-pc-linux-gnu-g++   -I/usr/include/qt4/QtScriptTools -I/usr/include/qt4/QtDBus -I/usr/include/qt4/QtXml -I/usr/include/qt4/QtSql -I/usr/include/qt4/QtOpenGL -I/usr/include/qt4/QtNetwork -I/usr/include/qt4/QtScript -I/usr/include/qt4/QtSvg -I/usr/include/qt4/Qt3Support -I/usr/include/qt4/QtGui -I/usr/include/qt4/QtCore -I/usr/share/qt4/mkspecs/default -I/usr/include/qt4   -DNDEBUG -march=native -O2 -pipe -DQT4_WORKS   -o CMakeFiles/cmTC_9cfd5.dir/src.cxx.o -c /var/tmp/portage/dev-util/cmake-3.7.2/work/cmake-3.7.2_build/CMakeFiles/CMakeTmp/src.cxx
Linking CXX executable cmTC_9cfd5
/usr/bin/cmake -E cmake_link_script CMakeFiles/cmTC_9cfd5.dir/link.txt --verbose=1
/usr/bin/x86_64-pc-linux-gnu-g++   -march=native -O2 -pipe -DQT4_WORKS  -Wl,-O1 -Wl,--as-needed  CMakeFiles/cmTC_9cfd5.dir/src.cxx.o  -o cmTC_9cfd5 -Wl,-rpath,/usr/lib64/qt4 -rdynamic /usr/lib64/qt4/libQtCore.so 
gmake[1]: Leaving directory '/var/tmp/portage/dev-util/cmake-3.7.2/work/cmake-3.7.2_build/CMakeFiles/CMakeTmp'

Source file was:
#include <QCoreApplication>
 int main() {return (qApp == 0 ? 0 : 1); }

Performing C++ SOURCE FILE Test run_pic_test succeeded with the following output:
Change Dir: /var/tmp/portage/dev-util/cmake-3.7.2/work/cmake-3.7.2_build/CMakeFiles/CMakeTmp

Run Build Command:"/usr/bin/gmake" "cmTC_779a2/fast"
/usr/bin/gmake -f CMakeFiles/cmTC_779a2.dir/build.make CMakeFiles/cmTC_779a2.dir/build
gmake[1]: Entering directory '/var/tmp/portage/dev-util/cmake-3.7.2/work/cmake-3.7.2_build/CMakeFiles/CMakeTmp'
Building CXX object CMakeFiles/cmTC_779a2.dir/src.cxx.o
/usr/bin/x86_64-pc-linux-gnu-g++     -DNDEBUG -march=native -O2 -pipe -Drun_pic_test   -fPIE -o CMakeFiles/cmTC_779a2.dir/src.cxx.o -c /var/tmp/portage/dev-util/cmake-3.7.2/work/cmake-3.7.2_build/CMakeFiles/CMakeTmp/src.cxx
Linking CXX executable cmTC_779a2
/usr/bin/cmake -E cmake_link_script CMakeFiles/cmTC_779a2.dir/link.txt --verbose=1
/usr/bin/x86_64-pc-linux-gnu-g++   -march=native -O2 -pipe -Drun_pic_test  -Wl,-O1 -Wl,--as-needed  CMakeFiles/cmTC_779a2.dir/src.cxx.o  -o cmTC_779a2 -rdynamic 
gmake[1]: Leaving directory '/var/tmp/portage/dev-util/cmake-3.7.2/work/cmake-3.7.2_build/CMakeFiles/CMakeTmp'

Source file was:
int main() { return 0; }
Performing C++ SOURCE FILE Test run_inlines_hidden_test succeeded with the following output:
Change Dir: /var/tmp/portage/dev-util/cmake-3.7.2/work/cmake-3.7.2_build/CMakeFiles/CMakeTmp

Run Build Command:"/usr/bin/gmake" "cmTC_dedaa/fast"
/usr/bin/gmake -f CMakeFiles/cmTC_dedaa.dir/build.make CMakeFiles/cmTC_dedaa.dir/build
gmake[1]: Entering directory '/var/tmp/portage/dev-util/cmake-3.7.2/work/cmake-3.7.2_build/CMakeFiles/CMakeTmp'
Building CXX object CMakeFiles/cmTC_dedaa.dir/src.cxx.o
/usr/bin/x86_64-pc-linux-gnu-g++     -DNDEBUG -march=native -O2 -pipe -Drun_inlines_hidden_test   -fvisibility-inlines-hidden -o CMakeFiles/cmTC_dedaa.dir/src.cxx.o -c /var/tmp/portage/dev-util/cmake-3.7.2/work/cmake-3.7.2_build/CMakeFiles/CMakeTmp/src.cxx
Linking CXX executable cmTC_dedaa
/usr/bin/cmake -E cmake_link_script CMakeFiles/cmTC_dedaa.dir/link.txt --verbose=1
/usr/bin/x86_64-pc-linux-gnu-g++   -march=native -O2 -pipe -Drun_inlines_hidden_test  -Wl,-O1 -Wl,--as-needed  CMakeFiles/cmTC_dedaa.dir/src.cxx.o  -o cmTC_dedaa -rdynamic 
gmake[1]: Leaving directory '/var/tmp/portage/dev-util/cmake-3.7.2/work/cmake-3.7.2_build/CMakeFiles/CMakeTmp'

Source file was:
int main() { return 0; }
