[    24.014] (--) Log file renamed from "/var/log/Xorg.pid-4754.log" to "/var/log/Xorg.0.log"
[    24.014] 
X.Org X Server 1.19.3
Release Date: 2017-03-15
[    24.014] X Protocol Version 11, Revision 0
[    24.014] Build Operating System: Linux 4.9.34-gentoo x86_64 Gentoo
[    24.014] Current Operating System: Linux localhost 4.12.5-gentoo #10 SMP Sat Aug 26 13:15:20 UTC 2017 x86_64
[    24.014] Kernel command line: BOOT_IMAGE=/vmlinuz-4.12.5-gentoo root=/dev/mapper/vg0-root ro dolvm resume=/dev/sdb3
[    24.015] Build Date: 08 July 2017  09:53:10AM
[    24.015]  
[    24.015] Current version of pixman: 0.34.0
[    24.015] 	Before reporting problems, check http://wiki.x.org
	to make sure that you have the latest version.
[    24.015] Markers: (--) probed, (**) from config file, (==) default setting,
	(++) from command line, (!!) notice, (II) informational,
	(WW) warning, (EE) error, (NI) not implemented, (??) unknown.
[    24.015] (==) Log file: "/var/log/Xorg.0.log", Time: Sat Aug 26 22:49:17 2017
[    24.034] (==) Using config file: "/etc/X11/xorg.conf"
[    24.034] (==) Using config directory: "/etc/X11/xorg.conf.d"
[    24.034] (==) Using system config directory "/usr/share/X11/xorg.conf.d"
[    24.083] (==) ServerLayout "X.org Configured"
[    24.083] (**) |-->Screen "Screen0" (0)
[    24.083] (**) |   |-->Monitor "Monitor0"
[    24.083] (==) No device specified for screen "Screen0".
	Using the first device section listed.
[    24.083] (**) |   |-->Device "Device0"
[    24.083] (**) |-->Input Device "Mouse0"
[    24.083] (**) |-->Input Device "Keyboard0"
[    24.083] (==) Automatically adding devices
[    24.083] (==) Automatically enabling devices
[    24.083] (==) Automatically adding GPU devices
[    24.083] (==) Max clients allowed: 256, resource mask: 0x1fffff
[    24.150] (**) FontPath set to:
	/usr/share/fonts/misc/,
	/usr/share/fonts/TTF/,
	/usr/share/fonts/OTF/,
	/usr/share/fonts/Type1/,
	/usr/share/fonts/100dpi/,
	/usr/share/fonts/75dpi/,
	/usr/share/fonts/wqy-microhei/,
	/usr/share/fonts/wqy-zenhei/,
	/usr/share/fonts/wqy-bitmapfont/,
	/usr/share/fonts/misc/,
	/usr/share/fonts/TTF/,
	/usr/share/fonts/OTF/,
	/usr/share/fonts/Type1/,
	/usr/share/fonts/100dpi/,
	/usr/share/fonts/75dpi/
[    24.150] (**) ModulePath set to "/usr/lib64/xorg/modules"
[    24.150] (**) Extension "Composite" is enabled
[    24.150] (WW) Hotplugging is on, devices using drivers 'kbd', 'mouse' or 'vmmouse' will be disabled.
[    24.150] (WW) Disabling Mouse0
[    24.150] (WW) Disabling Keyboard0
[    24.150] (II) Loader magic: 0x80bc80
[    24.150] (II) Module ABI versions:
[    24.150] 	X.Org ANSI C Emulation: 0.4
[    24.150] 	X.Org Video Driver: 23.0
[    24.150] 	X.Org XInput driver : 24.1
[    24.150] 	X.Org Server Extension : 10.0
[    24.150] (II) xfree86: Adding drm device (/dev/dri/card0)
[    24.151] (--) PCI:*(0:1:0:0) 10de:1c03:1462:3281 rev 161, Mem @ 0xfd000000/16777216, 0xc0000000/268435456, 0xd0000000/33554432, I/O @ 0x0000e000/128, BIOS @ 0x????????/131072
[    24.151] (II) "glx" will be loaded. This was enabled by default and also specified in the config file.
[    24.151] (II) LoadModule: "glx"
[    24.191] (II) Loading /usr/lib64/xorg/modules/extensions/libglx.so
[    24.309] (II) Module glx: vendor="X.Org Foundation"
[    24.309] 	compiled for 1.19.3, module version = 1.0.0
[    24.309] 	ABI class: X.Org Server Extension, version 10.0
[    24.309] (II) LoadModule: "nouveau"
[    24.310] (II) Loading /usr/lib64/xorg/modules/drivers/nouveau_drv.so
[    24.342] (II) Module nouveau: vendor="X.Org Foundation"
[    24.342] 	compiled for 1.19.3, module version = 1.0.15
[    24.342] 	Module class: X.Org Video Driver
[    24.342] 	ABI class: X.Org Video Driver, version 23.0
[    24.342] (II) NOUVEAU driver 
[    24.342] (II) NOUVEAU driver for NVIDIA chipset families :
[    24.342] 	RIVA TNT        (NV04)
[    24.343] 	RIVA TNT2       (NV05)
[    24.343] 	GeForce 256     (NV10)
[    24.343] 	GeForce 2       (NV11, NV15)
[    24.343] 	GeForce 4MX     (NV17, NV18)
[    24.343] 	GeForce 3       (NV20)
[    24.343] 	GeForce 4Ti     (NV25, NV28)
[    24.343] 	GeForce FX      (NV3x)
[    24.343] 	GeForce 6       (NV4x)
[    24.343] 	GeForce 7       (G7x)
[    24.343] 	GeForce 8       (G8x)
[    24.343] 	GeForce GTX 200 (NVA0)
[    24.343] 	GeForce GTX 400 (NVC0)
[    24.343] (++) using VT number 7

[    24.355] (II) [drm] nouveau interface version: 1.3.1
[    24.355] (II) Loading sub module "dri2"
[    24.355] (II) LoadModule: "dri2"
[    24.355] (II) Module "dri2" already built-in
[    24.355] (--) NOUVEAU(0): Chipset: "NVIDIA NV136"
[    24.355] (==) NOUVEAU(0): Depth 24, (--) framebuffer bpp 32
[    24.355] (==) NOUVEAU(0): RGB weight 888
[    24.355] (==) NOUVEAU(0): Default visual is TrueColor
[    24.355] (==) NOUVEAU(0): Using HW cursor
[    24.355] (==) NOUVEAU(0): Allowed maximum DRI level 2.
[    24.355] (==) NOUVEAU(0): GLX sync to VBlank enabled.
[    24.355] (==) NOUVEAU(0): Page flipping enabled
[    24.355] (==) NOUVEAU(0): Swap limit set to 1 [Max allowed 2]
[    24.355] (==) NOUVEAU(0): Page flipping synced to vblank by kernel.
[    24.355] (II) NOUVEAU(0): Initializing outputs ...
[    24.356] (II) NOUVEAU(0): Output DVI-D-1 using monitor section Monitor0
[    24.388] (II) NOUVEAU(0): Output DP-1 has no monitor section
[    24.420] (II) NOUVEAU(0): Output DP-2 has no monitor section
[    24.488] (II) NOUVEAU(0): Output HDMI-1 has no monitor section
[    24.520] (II) NOUVEAU(0): Output DP-3 has no monitor section
[    24.520] (II) NOUVEAU(0): 5 crtcs needed for screen.
[    24.520] (II) NOUVEAU(0): Allocated crtc nr. 0 to this screen.
[    24.520] (II) NOUVEAU(0): Allocated crtc nr. 1 to this screen.
[    24.520] (II) NOUVEAU(0): Allocated crtc nr. 2 to this screen.
[    24.520] (II) NOUVEAU(0): Allocated crtc nr. 3 to this screen.
[    24.521] (II) NOUVEAU(0): EDID for output DVI-D-1
[    24.553] (II) NOUVEAU(0): EDID for output DP-1
[    24.585] (II) NOUVEAU(0): EDID for output DP-2
[    24.653] (II) NOUVEAU(0): EDID for output HDMI-1
[    24.653] (II) NOUVEAU(0): Manufacturer: HKC  Model: 2200  Serial#: 1
[    24.653] (II) NOUVEAU(0): Year: 2012  Week: 32
[    24.653] (II) NOUVEAU(0): EDID Version: 1.3
[    24.653] (II) NOUVEAU(0): Digital Display Input
[    24.653] (II) NOUVEAU(0): Max Image Size [cm]: horiz.: 47  vert.: 30
[    24.653] (II) NOUVEAU(0): Gamma: 2.20
[    24.653] (II) NOUVEAU(0): DPMS capabilities: StandBy Suspend Off
[    24.653] (II) NOUVEAU(0): Supported color encodings: RGB 4:4:4 YCrCb 4:4:4 
[    24.653] (II) NOUVEAU(0): First detailed timing is preferred mode
[    24.653] (II) NOUVEAU(0): redX: 0.597 redY: 0.343   greenX: 0.316 greenY: 0.566
[    24.653] (II) NOUVEAU(0): blueX: 0.153 blueY: 0.131   whiteX: 0.313 whiteY: 0.329
[    24.653] (II) NOUVEAU(0): Supported established timings:
[    24.653] (II) NOUVEAU(0): 720x400@70Hz
[    24.653] (II) NOUVEAU(0): 640x480@60Hz
[    24.653] (II) NOUVEAU(0): 640x480@67Hz
[    24.653] (II) NOUVEAU(0): 640x480@72Hz
[    24.653] (II) NOUVEAU(0): 640x480@75Hz
[    24.653] (II) NOUVEAU(0): 800x600@60Hz
[    24.653] (II) NOUVEAU(0): 800x600@72Hz
[    24.653] (II) NOUVEAU(0): 800x600@75Hz
[    24.653] (II) NOUVEAU(0): 1024x768@60Hz
[    24.653] (II) NOUVEAU(0): 1024x768@70Hz
[    24.653] (II) NOUVEAU(0): 1024x768@75Hz
[    24.653] (II) NOUVEAU(0): 1280x1024@75Hz
[    24.653] (II) NOUVEAU(0): Manufacturer's mask: 0
[    24.653] (II) NOUVEAU(0): Supported standard timings:
[    24.653] (II) NOUVEAU(0): #0: hsize: 1280  vsize 800  refresh: 60  vid: 129
[    24.653] (II) NOUVEAU(0): #1: hsize: 1280  vsize 1024  refresh: 60  vid: 32897
[    24.653] (II) NOUVEAU(0): #2: hsize: 1280  vsize 1024  refresh: 70  vid: 35457
[    24.653] (II) NOUVEAU(0): #3: hsize: 1440  vsize 900  refresh: 60  vid: 149
[    24.653] (II) NOUVEAU(0): Supported detailed timing:
[    24.653] (II) NOUVEAU(0): clock: 146.2 MHz   Image Size:  433 x 270 mm
[    24.653] (II) NOUVEAU(0): h_active: 1680  h_sync: 1784  h_sync_end 1960 h_blank_end 2240 h_border: 0
[    24.653] (II) NOUVEAU(0): v_active: 1050  v_sync: 1053  v_sync_end 1059 v_blanking: 1089 v_border: 0
[    24.653] (II) NOUVEAU(0): Ranges: V min: 56 V max: 75 Hz, H min: 31 H max: 96 kHz, PixClock max 215 MHz
[    24.653] (II) NOUVEAU(0): Monitor name: 
[    24.653] (II) NOUVEAU(0): Serial No: 200804220001
[    24.653] (II) NOUVEAU(0): Supported detailed timing:
[    24.653] (II) NOUVEAU(0): clock: 27.0 MHz   Image Size:  160 x 90 mm
[    24.653] (II) NOUVEAU(0): h_active: 720  h_sync: 736  h_sync_end 798 h_blank_end 858 h_border: 0
[    24.653] (II) NOUVEAU(0): v_active: 480  v_sync: 489  v_sync_end 495 v_blanking: 525 v_border: 0
[    24.653] (II) NOUVEAU(0): Number of EDID sections to follow: 1
[    24.653] (II) NOUVEAU(0): EDID (in hex):
[    24.653] (II) NOUVEAU(0): 	00ffffffffffff002163002201000000
[    24.653] (II) NOUVEAU(0): 	20160103802f1e78eaf0659857519127
[    24.653] (II) NOUVEAU(0): 	215054bdcf0081008180818a95000101
[    24.653] (II) NOUVEAU(0): 	01010101010121399030621a274068b0
[    24.653] (II) NOUVEAU(0): 	3600b10e1100001c000000fd00384b1f
[    24.653] (II) NOUVEAU(0): 	6015000a202020202020000000fc000a
[    24.653] (II) NOUVEAU(0): 	202020202020202020202020000000ff
[    24.653] (II) NOUVEAU(0): 	003230303830343232303030310a0136
[    24.653] (II) NOUVEAU(0): 	02031b61230907078301000067030c00
[    24.653] (II) NOUVEAU(0): 	2000802d43908402e2000f8c0ad08a20
[    24.653] (II) NOUVEAU(0): 	e02d10103e9600a05a00000000000000
[    24.653] (II) NOUVEAU(0): 	00000000000000000000000000000000
[    24.653] (II) NOUVEAU(0): 	00000000000000000000000000000000
[    24.653] (II) NOUVEAU(0): 	00000000000000000000000000000000
[    24.653] (II) NOUVEAU(0): 	00000000000000000000000000000000
[    24.653] (II) NOUVEAU(0): 	00000000000000000000000000000029
[    24.653] (--) NOUVEAU(0): HDMI max TMDS frequency 225000KHz
[    24.653] (II) NOUVEAU(0): Printing probed modes for output HDMI-1
[    24.653] (II) NOUVEAU(0): Modeline "1680x1050"x60.0  146.25  1680 1784 1960 2240  1050 1053 1059 1089 -hsync +vsync (65.3 kHz eP)
[    24.653] (II) NOUVEAU(0): Modeline "1920x1080"x60.0  148.50  1920 2008 2052 2200  1080 1084 1089 1125 +hsync +vsync (67.5 kHz e)
[    24.653] (II) NOUVEAU(0): Modeline "1920x1080"x59.9  148.35  1920 2008 2052 2200  1080 1084 1089 1125 +hsync +vsync (67.4 kHz e)
[    24.653] (II) NOUVEAU(0): Modeline "1280x1024"x75.0  135.00  1280 1296 1440 1688  1024 1025 1028 1066 +hsync +vsync (80.0 kHz e)
[    24.653] (II) NOUVEAU(0): Modeline "1280x1024"x70.0  128.95  1280 1368 1504 1728  1024 1025 1028 1066 -hsync +vsync (74.6 kHz)
[    24.653] (II) NOUVEAU(0): Modeline "1280x1024"x60.0  108.00  1280 1328 1440 1688  1024 1025 1028 1066 +hsync +vsync (64.0 kHz e)
[    24.653] (II) NOUVEAU(0): Modeline "1440x900"x59.9   88.75  1440 1488 1520 1600  900 903 909 926 +hsync -vsync (55.5 kHz e)
[    24.653] (II) NOUVEAU(0): Modeline "1280x800"x59.9   71.00  1280 1328 1360 1440  800 803 809 823 +hsync -vsync (49.3 kHz e)
[    24.653] (II) NOUVEAU(0): Modeline "1280x720"x60.0   74.25  1280 1390 1430 1650  720 725 730 750 +hsync +vsync (45.0 kHz e)
[    24.653] (II) NOUVEAU(0): Modeline "1280x720"x59.9   74.18  1280 1390 1430 1650  720 725 730 750 +hsync +vsync (45.0 kHz e)
[    24.653] (II) NOUVEAU(0): Modeline "1024x768"x75.0   78.75  1024 1040 1136 1312  768 769 772 800 +hsync +vsync (60.0 kHz e)
[    24.653] (II) NOUVEAU(0): Modeline "1024x768"x70.1   75.00  1024 1048 1184 1328  768 771 777 806 -hsync -vsync (56.5 kHz e)
[    24.653] (II) NOUVEAU(0): Modeline "1024x768"x60.0   65.00  1024 1048 1184 1344  768 771 777 806 -hsync -vsync (48.4 kHz e)
[    24.653] (II) NOUVEAU(0): Modeline "800x600"x72.2   50.00  800 856 976 1040  600 637 643 666 +hsync +vsync (48.1 kHz e)
[    24.653] (II) NOUVEAU(0): Modeline "800x600"x75.0   49.50  800 816 896 1056  600 601 604 625 +hsync +vsync (46.9 kHz e)
[    24.653] (II) NOUVEAU(0): Modeline "800x600"x60.3   40.00  800 840 968 1056  600 601 605 628 +hsync +vsync (37.9 kHz e)
[    24.653] (II) NOUVEAU(0): Modeline "720x480"x60.0   27.03  720 736 798 858  480 489 495 525 -hsync -vsync (31.5 kHz e)
[    24.653] (II) NOUVEAU(0): Modeline "720x480"x59.9   27.00  720 736 798 858  480 489 495 525 -hsync -vsync (31.5 kHz e)
[    24.653] (II) NOUVEAU(0): Modeline "640x480"x75.0   31.50  640 656 720 840  480 481 484 500 -hsync -vsync (37.5 kHz e)
[    24.653] (II) NOUVEAU(0): Modeline "640x480"x72.8   31.50  640 664 704 832  480 489 492 520 -hsync -vsync (37.9 kHz e)
[    24.653] (II) NOUVEAU(0): Modeline "640x480"x66.7   30.24  640 704 768 864  480 483 486 525 -hsync -vsync (35.0 kHz e)
[    24.653] (II) NOUVEAU(0): Modeline "640x480"x60.0   25.20  640 656 752 800  480 490 492 525 -hsync -vsync (31.5 kHz e)
[    24.653] (II) NOUVEAU(0): Modeline "640x480"x59.9   25.18  640 656 752 800  480 490 492 525 -hsync -vsync (31.5 kHz e)
[    24.653] (II) NOUVEAU(0): Modeline "720x400"x70.1   28.32  720 738 846 900  400 412 414 449 -hsync +vsync (31.5 kHz e)
[    24.685] (II) NOUVEAU(0): EDID for output DP-3
[    24.685] (II) NOUVEAU(0): Output DVI-D-1 disconnected
[    24.685] (II) NOUVEAU(0): Output DP-1 disconnected
[    24.685] (II) NOUVEAU(0): Output DP-2 disconnected
[    24.685] (II) NOUVEAU(0): Output HDMI-1 connected
[    24.685] (II) NOUVEAU(0): Output DP-3 disconnected
[    24.685] (II) NOUVEAU(0): Using exact sizes for initial modes
[    24.685] (II) NOUVEAU(0): Output HDMI-1 using initial mode 1680x1050 +0+0
[    24.685] (==) NOUVEAU(0): Using gamma correction (1.0, 1.0, 1.0)
[    24.685] (--) NOUVEAU(0): Virtual size is 1680x1050 (pitch 0)
[    24.685] (**) NOUVEAU(0):  Driver mode "1680x1050": 146.2 MHz (scaled from 0.0 MHz), 65.3 kHz, 60.0 Hz
[    24.685] (II) NOUVEAU(0): Modeline "1680x1050"x60.0  146.25  1680 1784 1960 2240  1050 1053 1059 1089 -hsync +vsync (65.3 kHz eP)
[    24.685] (**) NOUVEAU(0):  Driver mode "1920x1080": 148.5 MHz (scaled from 0.0 MHz), 67.5 kHz, 60.0 Hz
[    24.685] (II) NOUVEAU(0): Modeline "1920x1080"x60.0  148.50  1920 2008 2052 2200  1080 1084 1089 1125 +hsync +vsync (67.5 kHz e)
[    24.685] (**) NOUVEAU(0):  Driver mode "1920x1080": 148.4 MHz (scaled from 0.0 MHz), 67.4 kHz, 59.9 Hz
[    24.685] (II) NOUVEAU(0): Modeline "1920x1080"x59.9  148.35  1920 2008 2052 2200  1080 1084 1089 1125 +hsync +vsync (67.4 kHz e)
[    24.685] (**) NOUVEAU(0):  Driver mode "1280x1024": 135.0 MHz (scaled from 0.0 MHz), 80.0 kHz, 75.0 Hz
[    24.685] (II) NOUVEAU(0): Modeline "1280x1024"x75.0  135.00  1280 1296 1440 1688  1024 1025 1028 1066 +hsync +vsync (80.0 kHz e)
[    24.685] (**) NOUVEAU(0):  Mode "1280x1024": 128.9 MHz (scaled from 0.0 MHz), 74.6 kHz, 70.0 Hz
[    24.685] (II) NOUVEAU(0): Modeline "1280x1024"x70.0  128.95  1280 1368 1504 1728  1024 1025 1028 1066 -hsync +vsync (74.6 kHz)
[    24.685] (**) NOUVEAU(0):  Driver mode "1280x1024": 108.0 MHz (scaled from 0.0 MHz), 64.0 kHz, 60.0 Hz
[    24.685] (II) NOUVEAU(0): Modeline "1280x1024"x60.0  108.00  1280 1328 1440 1688  1024 1025 1028 1066 +hsync +vsync (64.0 kHz e)
[    24.685] (**) NOUVEAU(0):  Driver mode "1440x900": 88.8 MHz (scaled from 0.0 MHz), 55.5 kHz, 59.9 Hz
[    24.685] (II) NOUVEAU(0): Modeline "1440x900"x59.9   88.75  1440 1488 1520 1600  900 903 909 926 +hsync -vsync (55.5 kHz e)
[    24.685] (**) NOUVEAU(0):  Driver mode "1280x800": 71.0 MHz (scaled from 0.0 MHz), 49.3 kHz, 59.9 Hz
[    24.685] (II) NOUVEAU(0): Modeline "1280x800"x59.9   71.00  1280 1328 1360 1440  800 803 809 823 +hsync -vsync (49.3 kHz e)
[    24.685] (**) NOUVEAU(0):  Driver mode "1280x720": 74.2 MHz (scaled from 0.0 MHz), 45.0 kHz, 60.0 Hz
[    24.685] (II) NOUVEAU(0): Modeline "1280x720"x60.0   74.25  1280 1390 1430 1650  720 725 730 750 +hsync +vsync (45.0 kHz e)
[    24.685] (**) NOUVEAU(0):  Driver mode "1280x720": 74.2 MHz (scaled from 0.0 MHz), 45.0 kHz, 59.9 Hz
[    24.685] (II) NOUVEAU(0): Modeline "1280x720"x59.9   74.18  1280 1390 1430 1650  720 725 730 750 +hsync +vsync (45.0 kHz e)
[    24.685] (**) NOUVEAU(0):  Driver mode "1024x768": 78.8 MHz (scaled from 0.0 MHz), 60.0 kHz, 75.0 Hz
[    24.685] (II) NOUVEAU(0): Modeline "1024x768"x75.0   78.75  1024 1040 1136 1312  768 769 772 800 +hsync +vsync (60.0 kHz e)
[    24.685] (**) NOUVEAU(0):  Driver mode "1024x768": 75.0 MHz (scaled from 0.0 MHz), 56.5 kHz, 70.1 Hz
[    24.685] (II) NOUVEAU(0): Modeline "1024x768"x70.1   75.00  1024 1048 1184 1328  768 771 777 806 -hsync -vsync (56.5 kHz e)
[    24.685] (**) NOUVEAU(0):  Driver mode "1024x768": 65.0 MHz (scaled from 0.0 MHz), 48.4 kHz, 60.0 Hz
[    24.685] (II) NOUVEAU(0): Modeline "1024x768"x60.0   65.00  1024 1048 1184 1344  768 771 777 806 -hsync -vsync (48.4 kHz e)
[    24.685] (**) NOUVEAU(0):  Driver mode "800x600": 50.0 MHz (scaled from 0.0 MHz), 48.1 kHz, 72.2 Hz
[    24.685] (II) NOUVEAU(0): Modeline "800x600"x72.2   50.00  800 856 976 1040  600 637 643 666 +hsync +vsync (48.1 kHz e)
[    24.685] (**) NOUVEAU(0):  Driver mode "800x600": 49.5 MHz (scaled from 0.0 MHz), 46.9 kHz, 75.0 Hz
[    24.685] (II) NOUVEAU(0): Modeline "800x600"x75.0   49.50  800 816 896 1056  600 601 604 625 +hsync +vsync (46.9 kHz e)
[    24.685] (**) NOUVEAU(0):  Driver mode "800x600": 40.0 MHz (scaled from 0.0 MHz), 37.9 kHz, 60.3 Hz
[    24.685] (II) NOUVEAU(0): Modeline "800x600"x60.3   40.00  800 840 968 1056  600 601 605 628 +hsync +vsync (37.9 kHz e)
[    24.685] (**) NOUVEAU(0):  Driver mode "720x480": 27.0 MHz (scaled from 0.0 MHz), 31.5 kHz, 60.0 Hz
[    24.685] (II) NOUVEAU(0): Modeline "720x480"x60.0   27.03  720 736 798 858  480 489 495 525 -hsync -vsync (31.5 kHz e)
[    24.685] (**) NOUVEAU(0):  Driver mode "720x480": 27.0 MHz (scaled from 0.0 MHz), 31.5 kHz, 59.9 Hz
[    24.685] (II) NOUVEAU(0): Modeline "720x480"x59.9   27.00  720 736 798 858  480 489 495 525 -hsync -vsync (31.5 kHz e)
[    24.685] (**) NOUVEAU(0):  Driver mode "640x480": 31.5 MHz (scaled from 0.0 MHz), 37.5 kHz, 75.0 Hz
[    24.685] (II) NOUVEAU(0): Modeline "640x480"x75.0   31.50  640 656 720 840  480 481 484 500 -hsync -vsync (37.5 kHz e)
[    24.685] (**) NOUVEAU(0):  Driver mode "640x480": 31.5 MHz (scaled from 0.0 MHz), 37.9 kHz, 72.8 Hz
[    24.685] (II) NOUVEAU(0): Modeline "640x480"x72.8   31.50  640 664 704 832  480 489 492 520 -hsync -vsync (37.9 kHz e)
[    24.685] (**) NOUVEAU(0):  Driver mode "640x480": 30.2 MHz (scaled from 0.0 MHz), 35.0 kHz, 66.7 Hz
[    24.685] (II) NOUVEAU(0): Modeline "640x480"x66.7   30.24  640 704 768 864  480 483 486 525 -hsync -vsync (35.0 kHz e)
[    24.685] (**) NOUVEAU(0):  Driver mode "640x480": 25.2 MHz (scaled from 0.0 MHz), 31.5 kHz, 60.0 Hz
[    24.685] (II) NOUVEAU(0): Modeline "640x480"x60.0   25.20  640 656 752 800  480 490 492 525 -hsync -vsync (31.5 kHz e)
[    24.685] (**) NOUVEAU(0):  Driver mode "640x480": 25.2 MHz (scaled from 0.0 MHz), 31.5 kHz, 59.9 Hz
[    24.685] (II) NOUVEAU(0): Modeline "640x480"x59.9   25.18  640 656 752 800  480 490 492 525 -hsync -vsync (31.5 kHz e)
[    24.685] (**) NOUVEAU(0):  Driver mode "720x400": 28.3 MHz (scaled from 0.0 MHz), 31.5 kHz, 70.1 Hz
[    24.685] (II) NOUVEAU(0): Modeline "720x400"x70.1   28.32  720 738 846 900  400 412 414 449 -hsync +vsync (31.5 kHz e)
[    24.685] (==) NOUVEAU(0): DPI set to (96, 96)
[    24.685] (II) Loading sub module "fb"
[    24.685] (II) LoadModule: "fb"
[    24.685] (II) Loading /usr/lib64/xorg/modules/libfb.so
[    24.716] (II) Module fb: vendor="X.Org Foundation"
[    24.716] 	compiled for 1.19.3, module version = 1.0.0
[    24.716] 	ABI class: X.Org ANSI C Emulation, version 0.4
[    24.716] (II) Loading sub module "shadowfb"
[    24.716] (II) LoadModule: "shadowfb"
[    24.716] (II) Loading /usr/lib64/xorg/modules/libshadowfb.so
[    24.725] (II) Module shadowfb: vendor="X.Org Foundation"
[    24.725] 	compiled for 1.19.3, module version = 1.0.0
[    24.725] 	ABI class: X.Org ANSI C Emulation, version 0.4
[    24.725] (--) Depth 24 pixmap format is 32 bpp
[    24.753] (II) NOUVEAU(0): Channel setup complete.
[    24.778] (II) NOUVEAU(0): [COPY] async initialised.
[    24.779] (II) NOUVEAU(0): Hardware support for Present enabled
[    24.779] (II) NOUVEAU(0): [DRI2] Setup complete
[    24.779] (II) NOUVEAU(0): [DRI2]   DRI driver: nouveau
[    24.779] (II) NOUVEAU(0): [DRI2]   VDPAU driver: nouveau
[    24.779] (II) Loading sub module "exa"
[    24.779] (II) LoadModule: "exa"
[    24.779] (II) Loading /usr/lib64/xorg/modules/libexa.so
[    24.793] (II) Module exa: vendor="X.Org Foundation"
[    24.793] 	compiled for 1.19.3, module version = 2.6.0
[    24.793] 	ABI class: X.Org Video Driver, version 23.0
[    24.793] (II) EXA(0): Driver allocated offscreen pixmaps
[    24.793] (II) EXA(0): Driver registered support for the following operations:
[    24.793] (II)         Solid
[    24.793] (II)         Copy
[    24.793] (II)         Composite (RENDER acceleration)
[    24.793] (II)         UploadToScreen
[    24.793] (II)         DownloadFromScreen
[    24.793] (==) NOUVEAU(0): Backing store enabled
[    24.793] (==) NOUVEAU(0): Silken mouse enabled
[    24.793] (II) NOUVEAU(0): [XvMC] Associated with Nouveau GeForce 8/9 Textured Video.
[    24.793] (II) NOUVEAU(0): [XvMC] Extension initialized.
[    24.793] (==) NOUVEAU(0): DPMS enabled
[    24.793] (II) NOUVEAU(0): RandR 1.2 enabled, ignore the following RandR disabled message.
[    24.794] (--) RandR disabled
[    25.361] (EE) AIGLX error: Calling driver entry point failed
[    25.375] (EE) AIGLX: reverting to software rendering
[    25.399] (II) IGLX: enabled GLX_MESA_copy_sub_buffer
[    25.399] (II) IGLX: Loaded and initialized swrast
[    25.399] (II) GLX: Initialized DRISWRAST GL provider for screen 0
[    25.400] (II) NOUVEAU(0): NVEnterVT is called.
[    25.405] (II) NOUVEAU(0): Setting screen physical size to 444 x 277
[    25.405] resize called 1680 1050
[    25.807] (II) config/udev: Adding input device Power Button (/dev/input/event1)
[    25.807] (**) Power Button: Applying InputClass "evdev keyboard catchall"
[    25.807] (**) Power Button: Applying InputClass "evdev keyboard catchall"
[    25.807] (II) LoadModule: "evdev"
[    25.820] (II) Loading /usr/lib64/xorg/modules/input/evdev_drv.so
[    25.852] (II) Module evdev: vendor="X.Org Foundation"
[    25.852] 	compiled for 1.19.3, module version = 2.10.5
[    25.852] 	Module class: X.Org XInput Driver
[    25.852] 	ABI class: X.Org XInput driver, version 24.1
[    25.852] (II) Using input driver 'evdev' for 'Power Button'
[    25.852] (**) Power Button: always reports core events
[    25.852] (**) evdev: Power Button: Device: "/dev/input/event1"
[    25.852] (--) evdev: Power Button: Vendor 0 Product 0x1
[    25.852] (--) evdev: Power Button: Found keys
[    25.852] (II) evdev: Power Button: Configuring as keyboard
[    25.852] (**) Option "config_info" "udev:/sys/devices/LNXSYSTM:00/LNXPWRBN:00/input/input1/event1"
[    25.852] (II) XINPUT: Adding extended input device "Power Button" (type: KEYBOARD, id 6)
[    25.852] (**) Option "xkb_rules" "evdev"
[    25.852] (II) config/udev: Adding input device Power Button (/dev/input/event0)
[    25.852] (**) Power Button: Applying InputClass "evdev keyboard catchall"
[    25.852] (**) Power Button: Applying InputClass "evdev keyboard catchall"
[    25.852] (II) Using input driver 'evdev' for 'Power Button'
[    25.852] (**) Power Button: always reports core events
[    25.852] (**) evdev: Power Button: Device: "/dev/input/event0"
[    25.852] (--) evdev: Power Button: Vendor 0 Product 0x1
[    25.852] (--) evdev: Power Button: Found keys
[    25.852] (II) evdev: Power Button: Configuring as keyboard
[    25.853] (**) Option "config_info" "udev:/sys/devices/LNXSYSTM:00/LNXSYBUS:00/PNP0C0C:00/input/input0/event0"
[    25.853] (II) XINPUT: Adding extended input device "Power Button" (type: KEYBOARD, id 7)
[    25.853] (**) Option "xkb_rules" "evdev"
[    25.853] (II) config/udev: Adding input device HDA NVidia HDMI/DP,pcm=3 (/dev/input/event10)
[    25.853] (II) No input driver specified, ignoring this device.
[    25.853] (II) This device may have been added with another device file.
[    25.853] (II) config/udev: Adding input device HDA NVidia HDMI/DP,pcm=7 (/dev/input/event11)
[    25.853] (II) No input driver specified, ignoring this device.
[    25.853] (II) This device may have been added with another device file.
[    25.853] (II) config/udev: Adding input device HDA NVidia HDMI/DP,pcm=8 (/dev/input/event12)
[    25.853] (II) No input driver specified, ignoring this device.
[    25.853] (II) This device may have been added with another device file.
[    25.853] (II) config/udev: Adding input device HDA NVidia HDMI/DP,pcm=9 (/dev/input/event13)
[    25.853] (II) No input driver specified, ignoring this device.
[    25.853] (II) This device may have been added with another device file.
[    25.854] (II) config/udev: Adding input device USB-HID GamingKeyBoard (/dev/input/event14)
[    25.854] (**) USB-HID GamingKeyBoard: Applying InputClass "evdev keyboard catchall"
[    25.854] (**) USB-HID GamingKeyBoard: Applying InputClass "evdev keyboard catchall"
[    25.854] (II) Using input driver 'evdev' for 'USB-HID GamingKeyBoard'
[    25.854] (**) USB-HID GamingKeyBoard: always reports core events
[    25.854] (**) evdev: USB-HID GamingKeyBoard: Device: "/dev/input/event14"
[    25.854] (--) evdev: USB-HID GamingKeyBoard: Vendor 0x1ea7 Product 0x908
[    25.854] (--) evdev: USB-HID GamingKeyBoard: Found keys
[    25.854] (II) evdev: USB-HID GamingKeyBoard: Configuring as keyboard
[    25.854] (**) Option "config_info" "udev:/sys/devices/pci0000:00/0000:00:04.0/0000:02:00.0/usb8/8-1/8-1:1.0/0003:1EA7:0908.0001/input/input14/event14"
[    25.854] (II) XINPUT: Adding extended input device "USB-HID GamingKeyBoard" (type: KEYBOARD, id 8)
[    25.854] (**) Option "xkb_rules" "evdev"
[    25.854] (II) config/udev: Adding input device USB-HID GamingKeyBoard (/dev/input/event15)
[    25.854] (**) USB-HID GamingKeyBoard: Applying InputClass "evdev keyboard catchall"
[    25.854] (**) USB-HID GamingKeyBoard: Applying InputClass "evdev keyboard catchall"
[    25.854] (II) Using input driver 'evdev' for 'USB-HID GamingKeyBoard'
[    25.854] (**) USB-HID GamingKeyBoard: always reports core events
[    25.854] (**) evdev: USB-HID GamingKeyBoard: Device: "/dev/input/event15"
[    25.854] (--) evdev: USB-HID GamingKeyBoard: Vendor 0x1ea7 Product 0x908
[    25.854] (--) evdev: USB-HID GamingKeyBoard: Found 1 mouse buttons
[    25.854] (--) evdev: USB-HID GamingKeyBoard: Found scroll wheel(s)
[    25.854] (--) evdev: USB-HID GamingKeyBoard: Found relative axes
[    25.854] (II) evdev: USB-HID GamingKeyBoard: Forcing relative x/y axes to exist.
[    25.854] (--) evdev: USB-HID GamingKeyBoard: Found absolute axes
[    25.854] (II) evdev: USB-HID GamingKeyBoard: Forcing absolute x/y axes to exist.
[    25.854] (--) evdev: USB-HID GamingKeyBoard: Found keys
[    25.854] (II) evdev: USB-HID GamingKeyBoard: Configuring as mouse
[    25.854] (II) evdev: USB-HID GamingKeyBoard: Configuring as keyboard
[    25.854] (II) evdev: USB-HID GamingKeyBoard: Adding scrollwheel support
[    25.854] (**) evdev: USB-HID GamingKeyBoard: YAxisMapping: buttons 4 and 5
[    25.854] (**) evdev: USB-HID GamingKeyBoard: EmulateWheelButton: 4, EmulateWheelInertia: 10, EmulateWheelTimeout: 200
[    25.854] (**) Option "config_info" "udev:/sys/devices/pci0000:00/0000:00:04.0/0000:02:00.0/usb8/8-1/8-1:1.1/0003:1EA7:0908.0002/input/input15/event15"
[    25.854] (II) XINPUT: Adding extended input device "USB-HID GamingKeyBoard" (type: KEYBOARD, id 9)
[    25.854] (**) Option "xkb_rules" "evdev"
[    25.854] (II) evdev: USB-HID GamingKeyBoard: initialized for relative axes.
[    25.854] (WW) evdev: USB-HID GamingKeyBoard: ignoring absolute axes.
[    25.854] (**) USB-HID GamingKeyBoard: (accel) keeping acceleration scheme 1
[    25.854] (**) USB-HID GamingKeyBoard: (accel) acceleration profile 0
[    25.854] (**) USB-HID GamingKeyBoard: (accel) acceleration factor: 2.000
[    25.854] (**) USB-HID GamingKeyBoard: (accel) acceleration threshold: 4
[    25.855] (II) config/udev: Adding input device G-SPY USB Gaming Mouse (/dev/input/event16)
[    25.855] (**) G-SPY USB Gaming Mouse: Applying InputClass "evdev keyboard catchall"
[    25.855] (**) G-SPY USB Gaming Mouse: Applying InputClass "evdev keyboard catchall"
[    25.855] (II) Using input driver 'evdev' for 'G-SPY USB Gaming Mouse'
[    25.855] (**) G-SPY USB Gaming Mouse: always reports core events
[    25.855] (**) evdev: G-SPY USB Gaming Mouse: Device: "/dev/input/event16"
[    25.855] (--) evdev: G-SPY USB Gaming Mouse: Vendor 0x4d9 Product 0xa070
[    25.855] (--) evdev: G-SPY USB Gaming Mouse: Found keys
[    25.855] (II) evdev: G-SPY USB Gaming Mouse: Configuring as keyboard
[    25.855] (**) Option "config_info" "udev:/sys/devices/pci0000:00/0000:00:04.0/0000:02:00.0/usb8/8-2/8-2:1.0/0003:04D9:A070.0004/input/input16/event16"
[    25.855] (II) XINPUT: Adding extended input device "G-SPY USB Gaming Mouse" (type: KEYBOARD, id 10)
[    25.855] (**) Option "xkb_rules" "evdev"
[    25.855] (II) config/udev: Adding input device G-SPY USB Gaming Mouse (/dev/input/event17)
[    25.855] (**) G-SPY USB Gaming Mouse: Applying InputClass "evdev pointer catchall"
[    25.855] (**) G-SPY USB Gaming Mouse: Applying InputClass "evdev keyboard catchall"
[    25.855] (**) G-SPY USB Gaming Mouse: Applying InputClass "evdev pointer catchall"
[    25.855] (**) G-SPY USB Gaming Mouse: Applying InputClass "evdev keyboard catchall"
[    25.855] (II) Using input driver 'evdev' for 'G-SPY USB Gaming Mouse'
[    25.855] (**) G-SPY USB Gaming Mouse: always reports core events
[    25.855] (**) evdev: G-SPY USB Gaming Mouse: Device: "/dev/input/event17"
[    25.855] (--) evdev: G-SPY USB Gaming Mouse: Vendor 0x4d9 Product 0xa070
[    25.855] (--) evdev: G-SPY USB Gaming Mouse: Found 9 mouse buttons
[    25.855] (--) evdev: G-SPY USB Gaming Mouse: Found scroll wheel(s)
[    25.855] (--) evdev: G-SPY USB Gaming Mouse: Found relative axes
[    25.855] (--) evdev: G-SPY USB Gaming Mouse: Found x and y relative axes
[    25.855] (--) evdev: G-SPY USB Gaming Mouse: Found absolute axes
[    25.855] (II) evdev: G-SPY USB Gaming Mouse: Forcing absolute x/y axes to exist.
[    25.855] (--) evdev: G-SPY USB Gaming Mouse: Found keys
[    25.855] (II) evdev: G-SPY USB Gaming Mouse: Configuring as mouse
[    25.855] (II) evdev: G-SPY USB Gaming Mouse: Configuring as keyboard
[    25.855] (II) evdev: G-SPY USB Gaming Mouse: Adding scrollwheel support
[    25.855] (**) evdev: G-SPY USB Gaming Mouse: YAxisMapping: buttons 4 and 5
[    25.855] (**) evdev: G-SPY USB Gaming Mouse: EmulateWheelButton: 4, EmulateWheelInertia: 10, EmulateWheelTimeout: 200
[    25.855] (**) Option "config_info" "udev:/sys/devices/pci0000:00/0000:00:04.0/0000:02:00.0/usb8/8-2/8-2:1.1/0003:04D9:A070.0005/input/input17/event17"
[    25.855] (II) XINPUT: Adding extended input device "G-SPY USB Gaming Mouse" (type: KEYBOARD, id 11)
[    25.855] (**) Option "xkb_rules" "evdev"
[    25.855] (II) evdev: G-SPY USB Gaming Mouse: initialized for relative axes.
[    25.855] (WW) evdev: G-SPY USB Gaming Mouse: ignoring absolute axes.
[    25.856] (**) G-SPY USB Gaming Mouse: (accel) keeping acceleration scheme 1
[    25.856] (**) G-SPY USB Gaming Mouse: (accel) acceleration profile 0
[    25.856] (**) G-SPY USB Gaming Mouse: (accel) acceleration factor: 2.000
[    25.856] (**) G-SPY USB Gaming Mouse: (accel) acceleration threshold: 4
[    25.856] (II) config/udev: Adding input device G-SPY USB Gaming Mouse (/dev/input/mouse0)
[    25.856] (II) No input driver specified, ignoring this device.
[    25.856] (II) This device may have been added with another device file.
[    25.856] (II) config/udev: Adding input device HDA ATI SB Front Mic (/dev/input/event2)
[    25.856] (II) No input driver specified, ignoring this device.
[    25.856] (II) This device may have been added with another device file.
[    25.856] (II) config/udev: Adding input device HDA ATI SB Rear Mic (/dev/input/event3)
[    25.856] (II) No input driver specified, ignoring this device.
[    25.856] (II) This device may have been added with another device file.
[    25.856] (II) config/udev: Adding input device HDA ATI SB Line (/dev/input/event4)
[    25.856] (II) No input driver specified, ignoring this device.
[    25.856] (II) This device may have been added with another device file.
[    25.856] (II) config/udev: Adding input device HDA ATI SB Line Out Front (/dev/input/event5)
[    25.856] (II) No input driver specified, ignoring this device.
[    25.856] (II) This device may have been added with another device file.
[    25.857] (II) config/udev: Adding input device HDA ATI SB Line Out Surround (/dev/input/event6)
[    25.857] (II) No input driver specified, ignoring this device.
[    25.857] (II) This device may have been added with another device file.
[    25.857] (II) config/udev: Adding input device HDA ATI SB Line Out CLFE (/dev/input/event7)
[    25.857] (II) No input driver specified, ignoring this device.
[    25.857] (II) This device may have been added with another device file.
[    25.857] (II) config/udev: Adding input device HDA ATI SB Line Out Side (/dev/input/event8)
[    25.857] (II) No input driver specified, ignoring this device.
[    25.857] (II) This device may have been added with another device file.
[    25.857] (II) config/udev: Adding input device HDA ATI SB Front Headphone (/dev/input/event9)
[    25.857] (II) No input driver specified, ignoring this device.
[    25.857] (II) This device may have been added with another device file.
